[     112ms] [LOG] [Fast Refresh] rebuilding @ http://localhost:3000/_next/static/chunks/node_modules_next_dist_f3530cac._.js:2297
[     522ms] [LOG] [Fast Refresh] done in 511ms @ http://localhost:3000/_next/static/chunks/node_modules_next_dist_f3530cac._.js:2297
[     784ms] [INFO] %cDownload the React DevTools for a better development experience: https://react.dev/link/react-devtools font-weight:bold @ http://localhost:3000/_next/static/chunks/node_modules_next_dist_f3530cac._.js:2297
[     935ms] [LOG] [HMR] connected @ http://localhost:3000/_next/static/chunks/node_modules_next_dist_f3530cac._.js:2297
[    1279ms] [LOG] [Fast Refresh] rebuilding @ http://localhost:3000/_next/static/chunks/node_modules_next_dist_f3530cac._.js:2297
[    1398ms] [ERROR] A tree hydrated but some attributes of the server rendered HTML didn't match the client properties. This won't be patched up. This can happen if a SSR-ed Client Component used:

- A server/client branch `if (typeof window !== 'undefined')`.
- Variable input such as `Date.now()` or `Math.random()` which changes each time it's called.
- Date formatting in a user's locale which doesn't match the server.
- External changing data without sending a snapshot of it along with the HTML.
- Invalid HTML tag nesting.

It can also happen if the client has a browser extension installed which messes with the HTML before React loaded.

%s%s https://react.dev/link/hydration-mismatch 

  ...
    <HTTPAccessFallbackBoundary notFound={<SegmentViewNode>} forbidden={undefined} unauthorized={undefined}>
      <HTTPAccessFallbackErrorBoundary pathname="/" notFound={<SegmentViewNode>} forbidden={undefined} ...>
        <RedirectBoundary>
          <RedirectErrorBoundary router={{...}}>
            <InnerLayoutRouter url="/" tree={[...]} params={{}} cacheNode={{rsc:<Fragment>, ...}} segmentPath={[...]} ...>
              <SegmentViewNode type="page" pagePath="page.tsx">
                <SegmentTrieNode>
                <HomePage>
                  <main>
                    ...
                      <div className="w-full max...">
                        <PsikotesDiagnostic>
                          <div className="w-full spa...">
                            <div>
                            <div className="mx-auto fl...">
                              <form>
                              <div className="flex justi...">
                                <div>
                                <div>
                                <div className="flex items...">
                                  <div
+                                   className="w-1.5 h-1.5 rounded-full bg-violet-400"
-                                   className="w-1.5 h-1.5 rounded-full bg-primary-400"
                                  >
                                  ...
                    <PreloadChunks>
                    <PsikotesTransformationMap>
                    ...
                      <div className="lg:col-spa...">
                        <div className="bg-white r...">
                          <div className="grid grid-...">
                            <div>
                            <div className="p-10 flex ...">
                              <div className="flex items...">
                                <div className="w-10 h-10 ...">
                                  <CircleCheck className="w-5 h-5 te...">
                                    <svg
                                      ref={null}
                                      xmlns="http://www.w3.org/2000/svg"
                                      width={24}
                                      height={24}
                                      viewBox="0 0 24 24"
                                      fill="none"
                                      stroke="currentColor"
                                      strokeWidth={2}
                                      strokeLinecap="round"
                                      strokeLinejoin="round"
+                                     className="lucide lucide-circle-check w-5 h-5 text-violet-500"
-                                     className="lucide lucide-circle-check w-5 h-5 text-primary-500"
                                      aria-hidden="true"
                                    >
                                ...
                              <ul className="space-y-3 ...">
                                <li className="flex items...">
                                  <span
+                                   className="w-5 h-5 rounded-full flex items-center justify-center text-[10px] font-..."
-                                   className="w-5 h-5 rounded-full flex items-center justify-center text-[10px] font-..."
                                  >
+                                   1
                                  ...
                                <li className="flex items...">
                                  <span
+                                   className="w-5 h-5 rounded-full flex items-center justify-center text-[10px] font-..."
-                                   className="w-5 h-5 rounded-full flex items-center justify-center text-[10px] font-..."
                                  >
+                                   2
                                  ...
                                <li className="flex items...">
                                  <span
+                                   className="w-5 h-5 rounded-full flex items-center justify-center text-[10px] font-..."
-                                   className="w-5 h-5 rounded-full flex items-center justify-center text-[10px] font-..."
                                  >
+                                   3
                                  ...
                                <li className="flex items...">
                                  <span
+                                   className="w-5 h-5 rounded-full flex items-center justify-center text-[10px] font-..."
-                                   className="w-5 h-5 rounded-full flex items-center justify-center text-[10px] font-..."
                                  >
+                                   4
                                  ...
                            ...
                    <LoadableComponent>
                      <PreloadChunks>
                      <LoadableComponent>
                        <PsikotesCategoryNav>
                          <section id="pemetaan" className="py-16 pb-1...">
                            <div className="max-w-7xl ...">
                              <div>
                              <div>
                              <div className="bg-white r...">
                                <div className="hidden lg:...">
                                  <div>
                                  <div className="col-span-3...">
                                    <CircleCheck className="w-5 h-5 te...">
                                      <svg
                                        ref={null}
                                        xmlns="http://www.w3.org/2000/svg"
                                        width={24}
                                        height={24}
                                        viewBox="0 0 24 24"
                                        fill="none"
                                        stroke="currentColor"
                                        strokeWidth={2}
                                        strokeLinecap="round"
                                        strokeLinejoin="round"
+                                       className="lucide lucide-circle-check w-5 h-5 text-violet-500"
-                                       className="lucide lucide-circle-check w-5 h-5 text-primary-500"
                                        aria-hidden="true"
                                      >
                                    <span
+                                     className="text-xs font-black uppercase tracking-[0.2em] text-violet-600"
-                                     className="text-xs font-black uppercase tracking-[0.2em] text-primary-600"
                                    >
+                                     02. Solusi
                                  ...
                                <div className="grid grid-...">
                                  <div
+                                   className="hidden lg:flex absolute left-[25%] top-1/2 -translate-y-1/2 -translate-..."
-                                   className="hidden lg:flex absolute left-[25%] top-1/2 -translate-y-1/2 -translate-..."
                                  >
                                  <div>
                                  <div>
                                  <div>
                                  <div className="col-span-1...">
                                    <CircleCheck className="absolute -...">
                                      <svg
                                        ref={null}
                                        xmlns="http://www.w3.org/2000/svg"
                                        width={24}
                                        height={24}
                                        viewBox="0 0 24 24"
                                        fill="none"
                                        stroke="currentColor"
                                        strokeWidth={2}
                                        strokeLinecap="round"
                                        strokeLinejoin="round"
+                                       className="lucide lucide-circle-check absolute -right-6 -bottom-6 w-32 h-32 te..."
-                                       className="lucide lucide-circle-check absolute -right-6 -bottom-6 w-32 h-32 te..."
                                        aria-hidden="true"
                                      >
                                    <div className="lg:hidden ...">
                                      <CircleCheck className="w-3 h-3 te...">
                                        <svg
                                          ref={null}
                                          xmlns="http://www.w3.org/2000/svg"
                                          width={24}
                                          height={24}
                                          viewBox="0 0 24 24"
                                          fill="none"
                                          stroke="currentColor"
                                          strokeWidth={2}
                                          strokeLinecap="round"
                                          strokeLinejoin="round"
+                                         className="lucide lucide-circle-check w-3 h-3 text-violet-500"
-                                         className="lucide lucide-circle-check w-3 h-3 text-primary-500"
                                          aria-hidden="true"
                                        >
                                      ...
                                    <ol className="relative z...">
                                      <li className="flex gap-2.5">
                                        <span
+                                         className="shrink-0 w-5 h-5 rounded-full bg-violet-100 text-violet-700 text-..."
-                                         className="shrink-0 w-5 h-5 rounded-full bg-primary-100 text-primary-700 tex..."
                                        >
+                                         1
                                        ...
                                      <li className="flex gap-2.5">
                                        <span
+                                         className="shrink-0 w-5 h-5 rounded-full bg-violet-100 text-violet-700 text-..."
-                                         className="shrink-0 w-5 h-5 rounded-full bg-primary-100 text-primary-700 tex..."
                                        >
+                                         2
                                        ...
                                      <li className="flex gap-2.5">
                                        <span
+                                         className="shrink-0 w-5 h-5 rounded-full bg-violet-100 text-violet-700 text-..."
-                                         className="shrink-0 w-5 h-5 rounded-full bg-primary-100 text-primary-700 tex..."
                                        >
+                                         3
                                        ...
                                      <li className="flex gap-2.5">
                                        <span
+                                         className="shrink-0 w-5 h-5 rounded-full bg-violet-100 text-violet-700 text-..."
-                                         className="shrink-0 w-5 h-5 rounded-full bg-primary-100 text-primary-700 tex..."
                                        >
+                                         4
                                        ...
                                      <li className="flex gap-2.5">
                                        <span
+                                         className="shrink-0 w-5 h-5 rounded-full bg-violet-100 text-violet-700 text-..."
-                                         className="shrink-0 w-5 h-5 rounded-full bg-primary-100 text-primary-700 tex..."
                                        >
+                                         5
                                        ...
                                      <li className="flex gap-2.5">
                                        <span
+                                         className="shrink-0 w-5 h-5 rounded-full bg-violet-100 text-violet-700 text-..."
-                                         className="shrink-0 w-5 h-5 rounded-full bg-primary-100 text-primary-700 tex..."
                                        >
+                                         6
                                        ...
                                  <div className="col-span-1...">
                                    <TrendingUp>
                                    <div>
                                    <div className="relative z...">
                                      <div>
                                      <div className="border-t b...">
                                        <p
+                                         className="text-[10px] font-black uppercase tracking-widest text-violet-600 ..."
-                                         className="text-[10px] font-black uppercase tracking-widest text-primary-600..."
                                        >
+                                         Sesudah
                                        <ul className="space-y-1">
                                          <li className="text-[11px...">
                                            <span
+                                             className="text-violet-500 shrink-0"
-                                             className="text-primary-500 shrink-0"
                                            >
+                                             ✓
                                            ...
                                          <li className="text-[11px...">
                                            <span
+                                             className="text-violet-500 shrink-0"
-                                             className="text-primary-500 shrink-0"
                                            >
+                                             ✓
                                            ...
                                          <li className="text-[11px...">
                                            <span
+                                             className="text-violet-500 shrink-0"
-                                             className="text-primary-500 shrink-0"
                                            >
+                                             ✓
                                            ...
                                          <li className="text-[11px...">
                                            <span
+                                             className="text-violet-500 shrink-0"
-                                             className="text-primary-500 shrink-0"
                                            >
+                                             ✓
                                            ...
                                          <li className="text-[11px...">
                                            <span
+                                             className="text-violet-500 shrink-0"
-                                             className="text-primary-500 shrink-0"
                                            >
+                                             ✓
                                            ...
                                          <li className="text-[11px...">
                                            <span
+                                             className="text-violet-500 shrink-0"
-                                             className="text-primary-500 shrink-0"
                                            >
+                                             ✓
                                            ...
                                  ...
                              ...
                    ...
              ...
            ...
 @ http://localhost:3000/_next/static/chunks/node_modules_next_dist_f3530cac._.js:3127
[    1442ms] [LOG] [Fast Refresh] done in 269ms @ http://localhost:3000/_next/static/chunks/node_modules_next_dist_f3530cac._.js:2297
[  216928ms] [LOG] [Fast Refresh] rebuilding @ http://localhost:3000/_next/static/chunks/node_modules_next_dist_f3530cac._.js:2297
[  217275ms] [LOG] [Fast Refresh] done in 447ms @ http://localhost:3000/_next/static/chunks/node_modules_next_dist_f3530cac._.js:2297
[  217444ms] [INFO] %cDownload the React DevTools for a better development experience: https://react.dev/link/react-devtools font-weight:bold @ http://localhost:3000/_next/static/chunks/node_modules_next_dist_f3530cac._.js:2297
[  217656ms] [LOG] [HMR] connected @ http://localhost:3000/_next/static/chunks/node_modules_next_dist_f3530cac._.js:2297
[  218033ms] [ERROR] A tree hydrated but some attributes of the server rendered HTML didn't match the client properties. This won't be patched up. This can happen if a SSR-ed Client Component used:

- A server/client branch `if (typeof window !== 'undefined')`.
- Variable input such as `Date.now()` or `Math.random()` which changes each time it's called.
- Date formatting in a user's locale which doesn't match the server.
- External changing data without sending a snapshot of it along with the HTML.
- Invalid HTML tag nesting.

It can also happen if the client has a browser extension installed which messes with the HTML before React loaded.

%s%s https://react.dev/link/hydration-mismatch 

  ...
    <HTTPAccessFallbackBoundary notFound={<SegmentViewNode>} forbidden={undefined} unauthorized={undefined}>
      <HTTPAccessFallbackErrorBoundary pathname="/" notFound={<SegmentViewNode>} forbidden={undefined} ...>
        <RedirectBoundary>
          <RedirectErrorBoundary router={{...}}>
            <InnerLayoutRouter url="/" tree={[...]} params={{}} cacheNode={{rsc:<Fragment>, ...}} segmentPath={[...]} ...>
              <SegmentViewNode type="page" pagePath="page.tsx">
                <SegmentTrieNode>
                <HomePage>
                  <main>
                    ...
                      <div className="w-full max...">
                        <PsikotesDiagnostic>
                          <div className="w-full spa...">
                            <div>
                            <div className="mx-auto fl...">
                              <form>
                              <div className="flex justi...">
                                <div>
                                <div>
                                <div className="flex items...">
                                  <div
+                                   className="w-1.5 h-1.5 rounded-full bg-violet-400"
-                                   className="w-1.5 h-1.5 rounded-full bg-primary-400"
                                  >
                                  ...
                    <PreloadChunks>
                    <PsikotesTransformationMap>
                    ...
                      <div className="lg:col-spa...">
                        <div className="bg-white r...">
                          <div className="grid grid-...">
                            <div>
                            <div className="p-10 flex ...">
                              <div className="flex items...">
                                <div className="w-10 h-10 ...">
                                  <CircleCheck className="w-5 h-5 te...">
                                    <svg
                                      ref={null}
                                      xmlns="http://www.w3.org/2000/svg"
                                      width={24}
                                      height={24}
                                      viewBox="0 0 24 24"
                                      fill="none"
                                      stroke="currentColor"
                                      strokeWidth={2}
                                      strokeLinecap="round"
                                      strokeLinejoin="round"
+                                     className="lucide lucide-circle-check w-5 h-5 text-violet-500"
-                                     className="lucide lucide-circle-check w-5 h-5 text-primary-500"
                                      aria-hidden="true"
                                    >
                                ...
                              <ul className="space-y-3 ...">
                                <li className="flex items...">
                                  <span
+                                   className="w-5 h-5 rounded-full flex items-center justify-center text-[10px] font-..."
-                                   className="w-5 h-5 rounded-full flex items-center justify-center text-[10px] font-..."
                                  >
+                                   1
                                  ...
                                <li className="flex items...">
                                  <span
+                                   className="w-5 h-5 rounded-full flex items-center justify-center text-[10px] font-..."
-                                   className="w-5 h-5 rounded-full flex items-center justify-center text-[10px] font-..."
                                  >
+                                   2
                                  ...
                                <li className="flex items...">
                                  <span
+                                   className="w-5 h-5 rounded-full flex items-center justify-center text-[10px] font-..."
-                                   className="w-5 h-5 rounded-full flex items-center justify-center text-[10px] font-..."
                                  >
+                                   3
                                  ...
                                <li className="flex items...">
                                  <span
+                                   className="w-5 h-5 rounded-full flex items-center justify-center text-[10px] font-..."
-                                   className="w-5 h-5 rounded-full flex items-center justify-center text-[10px] font-..."
                                  >
+                                   4
                                  ...
                            ...
                    <LoadableComponent>
                      <PreloadChunks>
                      <LoadableComponent>
                        <PsikotesCategoryNav>
                          <section id="pemetaan" className="py-16 pb-1...">
                            <div className="max-w-7xl ...">
                              <div>
                              <div>
                              <div className="bg-white r...">
                                <div className="hidden lg:...">
                                  <div>
                                  <div className="col-span-3...">
                                    <CircleCheck className="w-5 h-5 te...">
                                      <svg
                                        ref={null}
                                        xmlns="http://www.w3.org/2000/svg"
                                        width={24}
                                        height={24}
                                        viewBox="0 0 24 24"
                                        fill="none"
                                        stroke="currentColor"
                                        strokeWidth={2}
                                        strokeLinecap="round"
                                        strokeLinejoin="round"
+                                       className="lucide lucide-circle-check w-5 h-5 text-violet-500"
-                                       className="lucide lucide-circle-check w-5 h-5 text-primary-500"
                                        aria-hidden="true"
                                      >
                                    <span
+                                     className="text-xs font-black uppercase tracking-[0.2em] text-violet-600"
-                                     className="text-xs font-black uppercase tracking-[0.2em] text-primary-600"
                                    >
+                                     02. Solusi
                                  ...
                                <div className="grid grid-...">
                                  <div
+                                   className="hidden lg:flex absolute left-[25%] top-1/2 -translate-y-1/2 -translate-..."
-                                   className="hidden lg:flex absolute left-[25%] top-1/2 -translate-y-1/2 -translate-..."
                                  >
                                  <div>
                                  <div>
                                  <div>
                                  <div className="col-span-1...">
                                    <CircleCheck className="absolute -...">
                                      <svg
                                        ref={null}
                                        xmlns="http://www.w3.org/2000/svg"
                                        width={24}
                                        height={24}
                                        viewBox="0 0 24 24"
                                        fill="none"
                                        stroke="currentColor"
                                        strokeWidth={2}
                                        strokeLinecap="round"
                                        strokeLinejoin="round"
+                                       className="lucide lucide-circle-check absolute -right-6 -bottom-6 w-32 h-32 te..."
-                                       className="lucide lucide-circle-check absolute -right-6 -bottom-6 w-32 h-32 te..."
                                        aria-hidden="true"
                                      >
                                    <div className="lg:hidden ...">
                                      <CircleCheck className="w-3 h-3 te...">
                                        <svg
                                          ref={null}
                                          xmlns="http://www.w3.org/2000/svg"
                                          width={24}
                                          height={24}
                                          viewBox="0 0 24 24"
                                          fill="none"
                                          stroke="currentColor"
                                          strokeWidth={2}
                                          strokeLinecap="round"
                                          strokeLinejoin="round"
+                                         className="lucide lucide-circle-check w-3 h-3 text-violet-500"
-                                         className="lucide lucide-circle-check w-3 h-3 text-primary-500"
                                          aria-hidden="true"
                                        >
                                      ...
                                    <ol className="relative z...">
                                      <li className="flex gap-2.5">
                                        <span
+                                         className="shrink-0 w-5 h-5 rounded-full bg-violet-100 text-violet-700 text-..."
-                                         className="shrink-0 w-5 h-5 rounded-full bg-primary-100 text-primary-700 tex..."
                                        >
+                                         1
                                        ...
                                      <li className="flex gap-2.5">
                                        <span
+                                         className="shrink-0 w-5 h-5 rounded-full bg-violet-100 text-violet-700 text-..."
-                                         className="shrink-0 w-5 h-5 rounded-full bg-primary-100 text-primary-700 tex..."
                                        >
+                                         2
                                        ...
                                      <li className="flex gap-2.5">
                                        <span
+                                         className="shrink-0 w-5 h-5 rounded-full bg-violet-100 text-violet-700 text-..."
-                                         className="shrink-0 w-5 h-5 rounded-full bg-primary-100 text-primary-700 tex..."
                                        >
+                                         3
                                        ...
                                      <li className="flex gap-2.5">
                                        <span
+                                         className="shrink-0 w-5 h-5 rounded-full bg-violet-100 text-violet-700 text-..."
-                                         className="shrink-0 w-5 h-5 rounded-full bg-primary-100 text-primary-700 tex..."
                                        >
+                                         4
                                        ...
                                      <li className="flex gap-2.5">
                                        <span
+                                         className="shrink-0 w-5 h-5 rounded-full bg-violet-100 text-violet-700 text-..."
-                                         className="shrink-0 w-5 h-5 rounded-full bg-primary-100 text-primary-700 tex..."
                                        >
+                                         5
                                        ...
                                      <li className="flex gap-2.5">
                                        <span
+                                         className="shrink-0 w-5 h-5 rounded-full bg-violet-100 text-violet-700 text-..."
-                                         className="shrink-0 w-5 h-5 rounded-full bg-primary-100 text-primary-700 tex..."
                                        >
+                                         6
                                        ...
                                  <div className="col-span-1...">
                                    <TrendingUp>
                                    <div>
                                    <div className="relative z...">
                                      <div>
                                      <div className="border-t b...">
                                        <p
+                                         className="text-[10px] font-black uppercase tracking-widest text-violet-600 ..."
-                                         className="text-[10px] font-black uppercase tracking-widest text-primary-600..."
                                        >
+                                         Sesudah
                                        <ul className="space-y-1">
                                          <li className="text-[11px...">
                                            <span
+                                             className="text-violet-500 shrink-0"
-                                             className="text-primary-500 shrink-0"
                                            >
+                                             ✓
                                            ...
                                          <li className="text-[11px...">
                                            <span
+                                             className="text-violet-500 shrink-0"
-                                             className="text-primary-500 shrink-0"
                                            >
+                                             ✓
                                            ...
                                          <li className="text-[11px...">
                                            <span
+                                             className="text-violet-500 shrink-0"
-                                             className="text-primary-500 shrink-0"
                                            >
+                                             ✓
                                            ...
                                          <li className="text-[11px...">
                                            <span
+                                             className="text-violet-500 shrink-0"
-                                             className="text-primary-500 shrink-0"
                                            >
+                                             ✓
                                            ...
                                          <li className="text-[11px...">
                                            <span
+                                             className="text-violet-500 shrink-0"
-                                             className="text-primary-500 shrink-0"
                                            >
+                                             ✓
                                            ...
                                          <li className="text-[11px...">
                                            <span
+                                             className="text-violet-500 shrink-0"
-                                             className="text-primary-500 shrink-0"
                                            >
+                                             ✓
                                            ...
                                  ...
                              ...
                    ...
              ...
            ...
 @ http://localhost:3000/_next/static/chunks/node_modules_next_dist_f3530cac._.js:3127
[  271606ms] [INFO] %cDownload the React DevTools for a better development experience: https://react.dev/link/react-devtools font-weight:bold @ http://localhost:3000/_next/static/chunks/node_modules_next_dist_f3530cac._.js:2297
[  271673ms] [LOG] [HMR] connected @ http://localhost:3000/_next/static/chunks/node_modules_next_dist_f3530cac._.js:2297
[  280966ms] [LOG] [Fast Refresh] rebuilding @ http://localhost:3000/_next/static/chunks/node_modules_next_dist_f3530cac._.js:2297
[  281728ms] [LOG] [Fast Refresh] done in 863ms @ http://localhost:3000/_next/static/chunks/node_modules_next_dist_f3530cac._.js:2297
[  281840ms] [LOG] [Fast Refresh] rebuilding @ http://localhost:3000/_next/static/chunks/node_modules_next_dist_f3530cac._.js:2297
[  281900ms] [LOG] [Fast Refresh] done in 170ms @ http://localhost:3000/_next/static/chunks/node_modules_next_dist_f3530cac._.js:2297
[  532948ms] [LOG] [Fast Refresh] rebuilding @ http://localhost:3000/_next/static/chunks/node_modules_next_dist_f3530cac._.js:2297
[  534783ms] [LOG] [Fast Refresh] done in 347ms @ http://localhost:3000/_next/static/chunks/node_modules_next_dist_f3530cac._.js:2297
[  534827ms] [LOG] [Fast Refresh] rebuilding @ http://localhost:3000/_next/static/chunks/node_modules_next_dist_f3530cac._.js:2297
[  536122ms] [LOG] [Fast Refresh] done in 39ms @ http://localhost:3000/_next/static/chunks/node_modules_next_dist_f3530cac._.js:2297
[  536254ms] [LOG] [Fast Refresh] rebuilding @ http://localhost:3000/_next/static/chunks/node_modules_next_dist_f3530cac._.js:2297
[  537294ms] [LOG] [Fast Refresh] done in 1141ms @ http://localhost:3000/_next/static/chunks/node_modules_next_dist_f3530cac._.js:2297
[  537397ms] [LOG] [Fast Refresh] rebuilding @ http://localhost:3000/_next/static/chunks/node_modules_next_dist_f3530cac._.js:2297
[  538708ms] [LOG] [Fast Refresh] done in 1411ms @ http://localhost:3000/_next/static/chunks/node_modules_next_dist_f3530cac._.js:2297
[  538729ms] [ERROR] Failed to load resource: the server responded with a status of 500 (Internal Server Error) @ http://localhost:3000/diri-pribadi?_rsc=z9r0t:0
[  538897ms] [LOG] [Fast Refresh] rebuilding @ http://localhost:3000/_next/static/chunks/node_modules_next_dist_f3530cac._.js:2297
[  540681ms] [LOG] [Fast Refresh] done in 1884ms @ http://localhost:3000/_next/static/chunks/node_modules_next_dist_f3530cac._.js:2297
[  540785ms] [LOG] [Fast Refresh] rebuilding @ http://localhost:3000/_next/static/chunks/node_modules_next_dist_f3530cac._.js:2297
[  541587ms] [LOG] [Fast Refresh] done in 902ms @ http://localhost:3000/_next/static/chunks/node_modules_next_dist_f3530cac._.js:2297
[  541693ms] [LOG] [Fast Refresh] rebuilding @ http://localhost:3000/_next/static/chunks/node_modules_next_dist_f3530cac._.js:2297
[  542630ms] [LOG] [Fast Refresh] done in 1038ms @ http://localhost:3000/_next/static/chunks/node_modules_next_dist_f3530cac._.js:2297
[  542842ms] [ERROR] Failed to load resource: the server responded with a status of 500 (Internal Server Error) @ http://localhost:3000/diri-pribadi:0
[  543810ms] [INFO] %cDownload the React DevTools for a better development experience: https://react.dev/link/react-devtools font-weight:bold @ http://localhost:3000/_next/static/chunks/node_modules_react-dom_4411d9bd._.js:15305
[  543995ms] ReferenceError: Geist is not defined
    at module evaluation (file:///home/deska/Desktop/project-psikotes/fe-psikotes/.next/dev/server/chunks/ssr/_3bbdce6a._.js:202:19)
    at instantiateModule (file:///home/deska/Desktop/project-psikotes/fe-psikotes/.next/dev/server/chunks/ssr/[turbopack]_runtime.js:740:9)
    at getOrInstantiateModuleFromParent (file:///home/deska/Desktop/project-psikotes/fe-psikotes/.next/dev/server/chunks/ssr/[turbopack]_runtime.js:763:12)
    at Context.esmImport [as i] (file:///home/deska/Desktop/project-psikotes/fe-psikotes/.next/dev/server/chunks/ssr/[turbopack]_runtime.js:228:20)
    at module evaluation (file:///home/deska/Desktop/project-psikotes/fe-psikotes/.next/dev/server/chunks/ssr/[root-of-the-server]__91e52bd2._.js:14:47)
    at instantiateModule (file:///home/deska/Desktop/project-psikotes/fe-psikotes/.next/dev/server/chunks/ssr/[turbopack]_runtime.js:740:9)
    at getOrInstantiateModuleFromParent (file:///home/deska/Desktop/project-psikotes/fe-psikotes/.next/dev/server/chunks/ssr/[turbopack]_runtime.js:763:12)
    at Context.commonJsRequire [as r] (file:///home/deska/Desktop/project-psikotes/fe-psikotes/.next/dev/server/chunks/ssr/[turbopack]_runtime.js:249:12)
    at Array.__TURBOPACK__layout__$23$1__ (file:///home/deska/Desktop/project-psikotes/fe-psikotes/.next/dev/server/chunks/ssr/node_modules_9aedbc19._.js:9746:64)
    at getLayoutOrPageModule (file:///home/deska/Desktop/project-psikotes/fe-psikotes/node_modules/next/dist/compiled/next-server/app-page-turbo.runtime.dev.js:37:6488)
    at <unknown> (file:///home/deska/Desktop/project-psikotes/fe-psikotes/node_modules/next/dist/compiled/next-server/app-page-turbo.runtime.dev.js:37:27408)
    at <unknown> (file:///home/deska/Desktop/project-psikotes/fe-psikotes/node_modules/next/dist/server/lib/trace/tracer.js:185:36)
    at NoopContextManager.with (file:///home/deska/Desktop/project-psikotes/fe-psikotes/node_modules/next/dist/compiled/@opentelemetry/api/index.js:1:7062)
    at ContextAPI.with (file:///home/deska/Desktop/project-psikotes/fe-psikotes/node_modules/next/dist/compiled/@opentelemetry/api/index.js:1:518)
    at NoopTracer.startActiveSpan (file:///home/deska/Desktop/project-psikotes/fe-psikotes/node_modules/next/dist/compiled/@opentelemetry/api/index.js:1:18093)
    at ProxyTracer.startActiveSpan (file:///home/deska/Desktop/project-psikotes/fe-psikotes/node_modules/next/dist/compiled/@opentelemetry/api/index.js:1:18854)
    at <unknown> (file:///home/deska/Desktop/project-psikotes/fe-psikotes/node_modules/next/dist/server/lib/trace/tracer.js:154:103)
    at NoopContextManager.with (file:///home/deska/Desktop/project-psikotes/fe-psikotes/node_modules/next/dist/compiled/@opentelemetry/api/index.js:1:7062)
    at ContextAPI.with (file:///home/deska/Desktop/project-psikotes/fe-psikotes/node_modules/next/dist/compiled/@opentelemetry/api/index.js:1:518)
    at NextTracerImpl.trace (file:///home/deska/Desktop/project-psikotes/fe-psikotes/node_modules/next/dist/server/lib/trace/tracer.js:154:28)
    at createComponentTreeInternal (file:///home/deska/Desktop/project-psikotes/fe-psikotes/node_modules/next/dist/compiled/next-server/app-page-turbo.runtime.dev.js:37:27245)
    at <unknown> (file:///home/deska/Desktop/project-psikotes/fe-psikotes/node_modules/next/dist/compiled/next-server/app-page-turbo.runtime.dev.js:37:23425)
    at <unknown> (file:///home/deska/Desktop/project-psikotes/fe-psikotes/node_modules/next/dist/server/lib/trace/tracer.js:185:36)
    at NoopContextManager.with (file:///home/deska/Desktop/project-psikotes/fe-psikotes/node_modules/next/dist/compiled/@opentelemetry/api/index.js:1:7062)
    at ContextAPI.with (file:///home/deska/Desktop/project-psikotes/fe-psikotes/node_modules/next/dist/compiled/@opentelemetry/api/index.js:1:518)
    at NoopTracer.startActiveSpan (file:///home/deska/Desktop/project-psikotes/fe-psikotes/node_modules/next/dist/compiled/@opentelemetry/api/index.js:1:18093)
    at ProxyTracer.startActiveSpan (file:///home/deska/Desktop/project-psikotes/fe-psikotes/node_modules/next/dist/compiled/@opentelemetry/api/index.js:1:18854)
    at <unknown> (file:///home/deska/Desktop/project-psikotes/fe-psikotes/node_modules/next/dist/server/lib/trace/tracer.js:154:103)
    at NoopContextManager.with (file:///home/deska/Desktop/project-psikotes/fe-psikotes/node_modules/next/dist/compiled/@opentelemetry/api/index.js:1:7062)
    at ContextAPI.with (file:///home/deska/Desktop/project-psikotes/fe-psikotes/node_modules/next/dist/compiled/@opentelemetry/api/index.js:1:518)
    at NextTracerImpl.trace (file:///home/deska/Desktop/project-psikotes/fe-psikotes/node_modules/next/dist/server/lib/trace/tracer.js:154:28)
    at createComponentTree (file:///home/deska/Desktop/project-psikotes/fe-psikotes/node_modules/next/dist/compiled/next-server/app-page-turbo.runtime.dev.js:37:23332)
    at walkTreeWithFlightRouterState (file:///home/deska/Desktop/project-psikotes/fe-psikotes/node_modules/next/dist/compiled/next-server/app-page-turbo.runtime.dev.js:37:45623)
    at generateDynamicRSCPayload (file:///home/deska/Desktop/project-psikotes/fe-psikotes/node_modules/next/dist/compiled/next-server/app-page-turbo.runtime.dev.js:41:14298)
    at AsyncLocalStorage.run (node:internal/async_local_storage/async_hooks:91:14)
    at generateDynamicFlightRenderResult (file:///home/deska/Desktop/project-psikotes/fe-psikotes/node_modules/next/dist/compiled/next-server/app-page-turbo.runtime.dev.js:41:16496)
    at renderToHTMLOrFlightImpl (file:///home/deska/Desktop/project-psikotes/fe-psikotes/node_modules/next/dist/compiled/next-server/app-page-turbo.runtime.dev.js:41:41937)
[  543994ms] [LOG] [HMR] connected @ http://localhost:3000/_next/static/chunks/node_modules_next_dist_b3fb3b5f._.js:1206
[  544226ms] [LOG] [Fast Refresh] rebuilding @ http://localhost:3000/_next/static/chunks/node_modules_next_dist_b3fb3b5f._.js:1206
[  544478ms] [LOG] [Fast Refresh] done in 352ms @ http://localhost:3000/_next/static/chunks/node_modules_next_dist_b3fb3b5f._.js:1206
[  546238ms] [LOG] [Fast Refresh] rebuilding @ http://localhost:3000/_next/static/chunks/node_modules_next_dist_b3fb3b5f._.js:1206
[  547227ms] [LOG] [Fast Refresh] done in 692ms @ http://localhost:3000/_next/static/chunks/node_modules_next_dist_b3fb3b5f._.js:1206
[  547752ms] [ERROR] Failed to load resource: the server responded with a status of 500 (Internal Server Error) @ http://localhost:3000/diri-pribadi:0
[  547902ms] [INFO] %cDownload the React DevTools for a better development experience: https://react.dev/link/react-devtools font-weight:bold @ http://localhost:3000/_next/static/chunks/node_modules_next_dist_f3530cac._.js:2297
[  548169ms] ReferenceError: geistSans is not defined
    at RootLayout (about://React/Server/file:///home/deska/Desktop/project-psikotes/fe-psikotes/.next/dev/server/chunks/ssr/%5Broot-of-the-server%5D__5e0c0b20._.js?12:246:27)
    at resolveErrorDev (http://localhost:3000/_next/static/chunks/node_modules_next_dist_compiled_react-server-dom-turbopack_9212ccad._.js:1894:106)
    at processFullStringRow (http://localhost:3000/_next/static/chunks/node_modules_next_dist_compiled_react-server-dom-turbopack_9212ccad._.js:2402:29)
    at processFullBinaryRow (http://localhost:3000/_next/static/chunks/node_modules_next_dist_compiled_react-server-dom-turbopack_9212ccad._.js:2361:9)
    at processBinaryChunk (http://localhost:3000/_next/static/chunks/node_modules_next_dist_compiled_react-server-dom-turbopack_9212ccad._.js:2470:221)
    at progress (http://localhost:3000/_next/static/chunks/node_modules_next_dist_compiled_react-server-dom-turbopack_9212ccad._.js:2640:13)
[  548167ms] [LOG] [HMR] connected @ http://localhost:3000/_next/static/chunks/node_modules_next_dist_f3530cac._.js:2297
[  548316ms] [LOG] [Fast Refresh] rebuilding @ http://localhost:3000/_next/static/chunks/node_modules_next_dist_f3530cac._.js:2297
[  548318ms] [LOG] [Fast Refresh] done in 107ms @ http://localhost:3000/_next/static/chunks/node_modules_next_dist_f3530cac._.js:2297
[  551315ms] [WARNING] The resource http://localhost:3000/_next/static/chunks/%5Broot-of-the-server%5D__6c2efecb._.css was preloaded using link preload but not used within a few seconds from the window's load event. Please make sure it has an appropriate `as` value and it is preloaded intentionally. @ http://localhost:3000/diri-pribadi:0
[  551315ms] [WARNING] The resource http://localhost:3000/_next/static/media/fba5a26ea33df6a3-s.p.1bbdebe6.woff2 was preloaded using link preload but not used within a few seconds from the window's load event. Please make sure it has an appropriate `as` value and it is preloaded intentionally. @ http://localhost:3000/diri-pribadi:0
[  558548ms] [LOG] [Fast Refresh] rebuilding @ http://localhost:3000/_next/static/chunks/node_modules_next_dist_f3530cac._.js:2297
[  558847ms] [LOG] [Fast Refresh] done in 180ms @ http://localhost:3000/_next/static/chunks/node_modules_next_dist_f3530cac._.js:2297
[  559343ms] [INFO] %cDownload the React DevTools for a better development experience: https://react.dev/link/react-devtools font-weight:bold @ http://localhost:3000/_next/static/chunks/node_modules_next_dist_f3530cac._.js:2297
[  559399ms] [LOG] [HMR] connected @ http://localhost:3000/_next/static/chunks/node_modules_next_dist_f3530cac._.js:2297
[  593701ms] [LOG] [Fast Refresh] rebuilding @ http://localhost:3000/_next/static/chunks/node_modules_next_dist_f3530cac._.js:2297
[  594188ms] [LOG] [Fast Refresh] done in 559ms @ http://localhost:3000/_next/static/chunks/node_modules_next_dist_f3530cac._.js:2297
[  639943ms] [LOG] [Fast Refresh] rebuilding @ http://localhost:3000/_next/static/chunks/node_modules_next_dist_f3530cac._.js:2297
[  640244ms] [LOG] [Fast Refresh] done in 363ms @ http://localhost:3000/_next/static/chunks/node_modules_next_dist_f3530cac._.js:2297
[  656726ms] [LOG] [Fast Refresh] rebuilding @ http://localhost:3000/_next/static/chunks/node_modules_next_dist_f3530cac._.js:2297
[  656816ms] [LOG] [Fast Refresh] done in 162ms @ http://localhost:3000/_next/static/chunks/node_modules_next_dist_f3530cac._.js:2297
[  657007ms] [LOG] [Fast Refresh] rebuilding @ http://localhost:3000/_next/static/chunks/node_modules_next_dist_f3530cac._.js:2297
[  657081ms] [LOG] [Fast Refresh] done in 144ms @ http://localhost:3000/_next/static/chunks/node_modules_next_dist_f3530cac._.js:2297
[  753479ms] [LOG] [Fast Refresh] rebuilding @ http://localhost:3000/_next/static/chunks/node_modules_next_dist_f3530cac._.js:2297
[  754066ms] [LOG] [Fast Refresh] done in 655ms @ http://localhost:3000/_next/static/chunks/node_modules_next_dist_f3530cac._.js:2297
[  754193ms] [LOG] [Fast Refresh] rebuilding @ http://localhost:3000/_next/static/chunks/node_modules_next_dist_f3530cac._.js:2297
[  754343ms] [LOG] [Fast Refresh] done in 223ms @ http://localhost:3000/_next/static/chunks/node_modules_next_dist_f3530cac._.js:2297
[  785471ms] [LOG] [Fast Refresh] rebuilding @ http://localhost:3000/_next/static/chunks/node_modules_next_dist_f3530cac._.js:2297
[  786120ms] [LOG] [Fast Refresh] done in 737ms @ http://localhost:3000/_next/static/chunks/node_modules_next_dist_f3530cac._.js:2297
[  806885ms] [LOG] [Fast Refresh] rebuilding @ http://localhost:3000/_next/static/chunks/node_modules_next_dist_f3530cac._.js:2297
[  807004ms] [LOG] [Fast Refresh] done in 191ms @ http://localhost:3000/_next/static/chunks/node_modules_next_dist_f3530cac._.js:2297
