[     132ms] [INFO] %cDownload the React DevTools for a better development experience: https://react.dev/link/react-devtools font-weight:bold @ http://localhost:3000/_next/static/chunks/node_modules_next_dist_f3530cac._.js:2297
[     177ms] [LOG] [HMR] connected @ http://localhost:3000/_next/static/chunks/node_modules_next_dist_f3530cac._.js:2297
[     389ms] [ERROR] A tree hydrated but some attributes of the server rendered HTML didn't match the client properties. This won't be patched up. This can happen if a SSR-ed Client Component used:

- A server/client branch `if (typeof window !== 'undefined')`.
- Variable input such as `Date.now()` or `Math.random()` which changes each time it's called.
- Date formatting in a user's locale which doesn't match the server.
- External changing data without sending a snapshot of it along with the HTML.
- Invalid HTML tag nesting.

It can also happen if the client has a browser extension installed which messes with the HTML before React loaded.

%s%s https://react.dev/link/hydration-mismatch 

  ...
    <LoadingBoundary name="/" loading={null}>
      <HTTPAccessFallbackBoundary notFound={<SegmentViewNode>} forbidden={undefined} unauthorized={undefined}>
        <HTTPAccessFallbackErrorBoundary pathname="/" notFound={<SegmentViewNode>} forbidden={undefined} ...>
          <RedirectBoundary>
            <RedirectErrorBoundary router={{...}}>
              <InnerLayoutRouter url="/" tree={[...]} params={{}} cacheNode={{rsc:<Fragment>, ...}} segmentPath={[...]} ...>
                <SegmentViewNode type="page" pagePath="page.tsx">
                  <SegmentTrieNode>
                  <HomePage>
                    <main>
                      <PsikotesHero>
                        <section className="bg-white p...">
                          <div className="relative o..." style={{...}}>
                            <div>
                            <div className="relative z..." style={{...}}>
                              <div className="flex flex-...">
                                <div>
                                <div>
                                <div>
                                <div
+                                 className="flex items-center gap-3"
-                                 className="flex items-center gap-3 w-fit"
                                >
                                  <a
                                    href="/asesmen"
+                                   className="inline-flex items-center gap-2 px-5 py-2.5 rounded-full bg-emerald-500 ..."
-                                   className="inline-flex items-center gap-2 px-5 py-2.5 rounded-full bg-emerald-500 ..."
                                  >
+                                   Mulai Asesmen
                                  <a
                                    href="/tes-gratis"
+                                   className="inline-flex items-center gap-2 px-5 py-2.5 rounded-full bg-white/80 hov..."
-                                   className="inline-flex items-center gap-2 px-5 py-2.5 rounded-full bg-white/80 hov..."
                                  >
+                                   Tes Gratis
                                ...
                              ...
                      <PreloadChunks>
                      <PsikotesTransformationMap>
                      <PreloadChunks>
                      <PsikotesStage>
                      <PreloadChunks>
                      <PsikotesCategoryNav>
                      ...
                        <div className="grid grid-...">
                          <ProductCardNew>
                          <ProductCardNew product={{id:"dp-anx...", ...}}>
                            <div className="group bg-w...">
                              <div>
                              <div className="flex flex-...">
                                <div className="flex items...">
                                  <div
+                                   className="w-11 h-11 rounded-2xl flex items-center justify-center shrink-0 bg-ambe..."
-                                   className="w-11 h-11 rounded-2xl flex items-center justify-center shrink-0 bg-rose..."
                                  >
                                ...
                          <ProductCardNew product={{id:"dp-cit...", ...}}>
                            <div className="group bg-w...">
                              <div>
                              <div className="flex flex-...">
                                <div className="flex items...">
                                  <div
+                                   className="w-11 h-11 rounded-2xl flex items-center justify-center shrink-0 bg-teal..."
-                                   className="w-11 h-11 rounded-2xl flex items-center justify-center shrink-0 bg-ambe..."
                                  >
                                ...
                          <ProductCardNew product={{id:"dp-qua...", ...}}>
                            <div className="group bg-w...">
                              <div>
                              <div className="flex flex-...">
                                <div className="flex items...">
                                  <div
+                                   className="w-11 h-11 rounded-2xl flex items-center justify-center shrink-0 bg-emer..."
-                                   className="w-11 h-11 rounded-2xl flex items-center justify-center shrink-0 bg-indi..."
                                  >
                                ...
                          <ProductCardNew product={{id:"dp-iq-...", ...}}>
                            <div className="group bg-w...">
                              <div>
                              <div className="flex flex-...">
                                <div className="flex items...">
                                  <div
+                                   className="w-11 h-11 rounded-2xl flex items-center justify-center shrink-0 bg-ambe..."
-                                   className="w-11 h-11 rounded-2xl flex items-center justify-center shrink-0 bg-teal..."
                                  >
                                ...
                          <ProductCardNew product={{id:"dp-sim...", ...}}>
                            <div className="group bg-w...">
                              <div>
                              <div className="flex flex-...">
                                <div className="flex items...">
                                  <div
+                                   className="w-11 h-11 rounded-2xl flex items-center justify-center shrink-0 bg-teal..."
-                                   className="w-11 h-11 rounded-2xl flex items-center justify-center shrink-0 bg-viol..."
                                  >
                                ...
                ...
              ...
 @ http://localhost:3000/_next/static/chunks/node_modules_next_dist_f3530cac._.js:3127
[     425ms] [LOG] [Fast Refresh] rebuilding @ http://localhost:3000/_next/static/chunks/node_modules_next_dist_f3530cac._.js:2297
[     456ms] [LOG] [Fast Refresh] done in 131ms @ http://localhost:3000/_next/static/chunks/node_modules_next_dist_f3530cac._.js:2297
[  124251ms] [LOG] [Fast Refresh] rebuilding @ http://localhost:3000/_next/static/chunks/node_modules_next_dist_f3530cac._.js:2297
[  124292ms] [LOG] [Fast Refresh] done in 119ms @ http://localhost:3000/_next/static/chunks/node_modules_next_dist_f3530cac._.js:2297
[  174237ms] [LOG] [Fast Refresh] rebuilding @ http://localhost:3000/_next/static/chunks/node_modules_next_dist_f3530cac._.js:2297
[  174309ms] [LOG] [Fast Refresh] done in 152ms @ http://localhost:3000/_next/static/chunks/node_modules_next_dist_f3530cac._.js:2297
