[     109ms] [LOG] [Fast Refresh] rebuilding @ http://localhost:3000/_next/static/chunks/node_modules_next_dist_f3530cac._.js:2297
[     114ms] [LOG] [Fast Refresh] done in 105ms @ http://localhost:3000/_next/static/chunks/node_modules_next_dist_f3530cac._.js:2297
[     390ms] [INFO] %cDownload the React DevTools for a better development experience: https://react.dev/link/react-devtools font-weight:bold @ http://localhost:3000/_next/static/chunks/node_modules_next_dist_f3530cac._.js:2297
[     544ms] [LOG] [HMR] connected @ http://localhost:3000/_next/static/chunks/node_modules_next_dist_f3530cac._.js:2297
[     690ms] [ERROR] A tree hydrated but some attributes of the server rendered HTML didn't match the client properties. This won't be patched up. This can happen if a SSR-ed Client Component used:

- A server/client branch `if (typeof window !== 'undefined')`.
- Variable input such as `Date.now()` or `Math.random()` which changes each time it's called.
- Date formatting in a user's locale which doesn't match the server.
- External changing data without sending a snapshot of it along with the HTML.
- Invalid HTML tag nesting.

It can also happen if the client has a browser extension installed which messes with the HTML before React loaded.

%s%s https://react.dev/link/hydration-mismatch 

  ...
    <ErrorBoundary errorComponent={undefined} errorStyles={undefined} errorScripts={undefined}>
      <LoadingBoundary name="/" loading={null}>
        <HTTPAccessFallbackBoundary notFound={<SegmentViewNode>} forbidden={undefined} unauthorized={undefined}>
          <HTTPAccessFallbackErrorBoundary pathname="/" notFound={<SegmentViewNode>} forbidden={undefined} ...>
            <RedirectBoundary>
              <RedirectErrorBoundary router={{...}}>
                <InnerLayoutRouter url="/" tree={[...]} params={{}} cacheNode={{rsc:<Fragment>, ...}} segmentPath={[...]} ...>
                  <SegmentViewNode type="page" pagePath="page.tsx">
                    <SegmentTrieNode>
                    <HomePage>
                      <main>
                        <PsikotesHero>
                          <section className="bg-white p...">
                            <div className="relative o..." style={{...}}>
                              <div className="relative z..." style={{...}}>
                                <div>
                                <div
+                                 className="relative flex items-end justify-center"
-                                 className="relative flex items-start justify-center pt-10"
                                >
                                ...
                        <PreloadChunks>
                        <PsikotesTransformationMap>
                        <PreloadChunks>
                        <PsikotesStage>
                        <PreloadChunks>
                        <PsikotesCategoryNav>
                        ...
                          <div className="grid grid-...">
                            <ProductCardNew>
                            <ProductCardNew product={{id:"dp-anx...", ...}}>
                              <div className="group bg-w...">
                                <div>
                                <div className="flex flex-...">
                                  <div className="flex items...">
                                    <div
+                                     className="w-11 h-11 rounded-2xl flex items-center justify-center shrink-0 bg-am..."
-                                     className="w-11 h-11 rounded-2xl flex items-center justify-center shrink-0 bg-ro..."
                                    >
                                  ...
                            <ProductCardNew product={{id:"dp-cit...", ...}}>
                              <div className="group bg-w...">
                                <div>
                                <div className="flex flex-...">
                                  <div className="flex items...">
                                    <div
+                                     className="w-11 h-11 rounded-2xl flex items-center justify-center shrink-0 bg-te..."
-                                     className="w-11 h-11 rounded-2xl flex items-center justify-center shrink-0 bg-am..."
                                    >
                                  ...
                            <ProductCardNew product={{id:"dp-qua...", ...}}>
                              <div className="group bg-w...">
                                <div>
                                <div className="flex flex-...">
                                  <div className="flex items...">
                                    <div
+                                     className="w-11 h-11 rounded-2xl flex items-center justify-center shrink-0 bg-em..."
-                                     className="w-11 h-11 rounded-2xl flex items-center justify-center shrink-0 bg-in..."
                                    >
                                  ...
                            <ProductCardNew product={{id:"dp-iq-...", ...}}>
                              <div className="group bg-w...">
                                <div>
                                <div className="flex flex-...">
                                  <div className="flex items...">
                                    <div
+                                     className="w-11 h-11 rounded-2xl flex items-center justify-center shrink-0 bg-am..."
-                                     className="w-11 h-11 rounded-2xl flex items-center justify-center shrink-0 bg-te..."
                                    >
                                  ...
                            <ProductCardNew product={{id:"dp-sim...", ...}}>
                              <div className="group bg-w...">
                                <div>
                                <div className="flex flex-...">
                                  <div className="flex items...">
                                    <div
+                                     className="w-11 h-11 rounded-2xl flex items-center justify-center shrink-0 bg-te..."
-                                     className="w-11 h-11 rounded-2xl flex items-center justify-center shrink-0 bg-vi..."
                                    >
                                  ...
                  ...
                ...
 @ http://localhost:3000/_next/static/chunks/node_modules_next_dist_f3530cac._.js:3127
[     695ms] [LOG] [Fast Refresh] rebuilding @ http://localhost:3000/_next/static/chunks/node_modules_next_dist_f3530cac._.js:2297
[     755ms] [LOG] [Fast Refresh] done in 173ms @ http://localhost:3000/_next/static/chunks/node_modules_next_dist_f3530cac._.js:2297
[   55950ms] [LOG] [Fast Refresh] rebuilding @ http://localhost:3000/_next/static/chunks/node_modules_next_dist_f3530cac._.js:2297
[   56011ms] [LOG] [Fast Refresh] done in 133ms @ http://localhost:3000/_next/static/chunks/node_modules_next_dist_f3530cac._.js:2297
