[     362ms] [INFO] %cDownload the React DevTools for a better development experience: https://react.dev/link/react-devtools font-weight:bold @ http://localhost:3000/_next/static/chunks/node_modules_next_dist_f3530cac._.js:2297
[     508ms] [LOG] [HMR] connected @ http://localhost:3000/_next/static/chunks/node_modules_next_dist_f3530cac._.js:2297
[     719ms] Error: Hydration failed because the server rendered HTML didn't match the client. As a result this tree will be regenerated on the client. This can happen if a SSR-ed Client Component used:

- A server/client branch `if (typeof window !== 'undefined')`.
- Variable input such as `Date.now()` or `Math.random()` which changes each time it's called.
- Date formatting in a user's locale which doesn't match the server.
- External changing data without sending a snapshot of it along with the HTML.
- Invalid HTML tag nesting.

It can also happen if the client has a browser extension installed which messes with the HTML before React loaded.

https://react.dev/link/hydration-mismatch

  ...
    <AppDevOverlayErrorBoundary globalError={[...]}>
      <ReplaySsrOnlyErrors>
      <DevRootHTTPAccessFallbackBoundary>
        <HTTPAccessFallbackBoundary notFound={<NotAllowedRootHTTPFallbackError>}>
          <HTTPAccessFallbackErrorBoundary pathname="/" notFound={<NotAllowedRootHTTPFallbackError>} ...>
            <RedirectBoundary>
              <RedirectErrorBoundary router={{...}}>
                <Head>
                <__next_root_layout_boundary__>
                  <SegmentViewNode type="layout" pagePath="layout.tsx">
                    <SegmentTrieNode>
                    <link>
                    <script>
                    <script>
                    <script>
                    <RootLayout>
                      <html lang="id" suppressHydrationWarning={true}>
                        <body className="plus_jakar...">
                          <QueryProvider>
                            <QueryClientProvider client={{}}>
                              <Navbar>
                                <header
+                                 className="fixed top-0 left-0 right-0 z-50 flex justify-center transition-all durati..."
-                                 className="sticky top-0 w-full transition-all duration-500 ease-out z-10 border-b bo..."
                                >
                                  <nav
+                                   className="w-full max-w-6xl flex items-center justify-between px-5 py-2.5 transiti..."
-                                   className="grid grid-cols-3 items-center px-6 py-3 transition-all duration-500 eas..."
                                  >
                                    <NavbarLogo isScrolled={false}>
                                      <LinkComponent href="/" className="flex items...">
+                                       <a
+                                         className="flex items-center group mr-8"
+                                         ref={function}
+                                         onClick={function onClick}
+                                         onMouseEnter={function onMouseEnter}
+                                         onTouchStart={function onTouchStart}
+                                         href="/"
+                                       >
-                                       <div className="flex items-center">
                                    ...
                              ...
                ...

    at throwOnHydrationMismatch (http://localhost:3000/_next/static/chunks/node_modules_next_dist_compiled_react-dom_1e674e59._.js:3348:56)
    at beginWork (http://localhost:3000/_next/static/chunks/node_modules_next_dist_compiled_react-dom_1e674e59._.js:6775:918)
    at runWithFiberInDEV (http://localhost:3000/_next/static/chunks/node_modules_next_dist_compiled_react-dom_1e674e59._.js:965:74)
    at performUnitOfWork (http://localhost:3000/_next/static/chunks/node_modules_next_dist_compiled_react-dom_1e674e59._.js:9562:97)
    at workLoopConcurrentByScheduler (http://localhost:3000/_next/static/chunks/node_modules_next_dist_compiled_react-dom_1e674e59._.js:9558:58)
    at renderRootConcurrent (http://localhost:3000/_next/static/chunks/node_modules_next_dist_compiled_react-dom_1e674e59._.js:9541:71)
    at performWorkOnRoot (http://localhost:3000/_next/static/chunks/node_modules_next_dist_compiled_react-dom_1e674e59._.js:9068:150)
    at performWorkOnRootViaSchedulerTask (http://localhost:3000/_next/static/chunks/node_modules_next_dist_compiled_react-dom_1e674e59._.js:10230:9)
    at MessagePort.performWorkUntilDeadline (http://localhost:3000/_next/static/chunks/node_modules_next_dist_compiled_a0e4c7b4._.js:2647:64)
[    4267ms] [WARNING] The resource http://localhost:3000/_next/image?url=https%3A%2F%2Fimages.unsplash.com%2Fphoto-1612349317150-e413f6a5b16d%3Fw%3D700%26q%3D80%26auto%3Dformat%26fit%3Dcrop&w=750&q=75 was preloaded using link preload but not used within a few seconds from the window's load event. Please make sure it has an appropriate `as` value and it is preloaded intentionally. @ http://localhost:3000/:0
[    8705ms] [INFO] %cDownload the React DevTools for a better development experience: https://react.dev/link/react-devtools font-weight:bold @ http://localhost:3000/_next/static/chunks/node_modules_next_dist_f3530cac._.js:2297
[    8757ms] [LOG] [HMR] connected @ http://localhost:3000/_next/static/chunks/node_modules_next_dist_f3530cac._.js:2297
[    8921ms] [ERROR] A tree hydrated but some attributes of the server rendered HTML didn't match the client properties. This won't be patched up. This can happen if a SSR-ed Client Component used:

- A server/client branch `if (typeof window !== 'undefined')`.
- Variable input such as `Date.now()` or `Math.random()` which changes each time it's called.
- Date formatting in a user's locale which doesn't match the server.
- External changing data without sending a snapshot of it along with the HTML.
- Invalid HTML tag nesting.

It can also happen if the client has a browser extension installed which messes with the HTML before React loaded.

%s%s https://react.dev/link/hydration-mismatch 

  ...
    <RedirectErrorBoundary router={{...}}>
      <InnerLayoutRouter url="/" tree={[...]} params={{}} cacheNode={{rsc:<Fragment>, ...}} segmentPath={[...]} ...>
        <SegmentViewNode type="page" pagePath="page.tsx">
          <SegmentTrieNode>
          <HomePage>
            <main>
              <PsikotesHero>
              <PreloadChunks>
              <PsikotesTransformationMap>
              <PreloadChunks>
              <PsikotesStage>
              <PreloadChunks>
              <PsikotesCategoryNav>
              <LoadableComponent>
                <PreloadChunks>
                <LoadableComponent>
                  <PsikotesProducts>
                    <section id="masa-depan" className="py-12 md:p...">
                      <div className="max-w-7xl ...">
                        <div>
                        <div className="grid grid-...">
                          <ProductCardNew>
                          <ProductCardNew product={{id:"dp-anx...", ...}}>
                            <div className="group bg-w...">
                              <div>
                              <div className="flex flex-...">
                                <div className="flex items...">
                                  <div
+                                   className="w-11 h-11 rounded-2xl flex items-center justify-center shrink-0 bg-ambe..."
-                                   className="w-11 h-11 rounded-2xl flex items-center justify-center shrink-0 bg-rose..."
                                  >
                                ...
                          <ProductCardNew product={{id:"dp-cit...", ...}}>
                            <div className="group bg-w...">
                              <div>
                              <div className="flex flex-...">
                                <div className="flex items...">
                                  <div
+                                   className="w-11 h-11 rounded-2xl flex items-center justify-center shrink-0 bg-teal..."
-                                   className="w-11 h-11 rounded-2xl flex items-center justify-center shrink-0 bg-ambe..."
                                  >
                                ...
                          <ProductCardNew product={{id:"dp-qua...", ...}}>
                            <div className="group bg-w...">
                              <div>
                              <div className="flex flex-...">
                                <div className="flex items...">
                                  <div
+                                   className="w-11 h-11 rounded-2xl flex items-center justify-center shrink-0 bg-emer..."
-                                   className="w-11 h-11 rounded-2xl flex items-center justify-center shrink-0 bg-indi..."
                                  >
                                ...
                          <ProductCardNew product={{id:"dp-iq-...", ...}}>
                            <div className="group bg-w...">
                              <div>
                              <div className="flex flex-...">
                                <div className="flex items...">
                                  <div
+                                   className="w-11 h-11 rounded-2xl flex items-center justify-center shrink-0 bg-ambe..."
-                                   className="w-11 h-11 rounded-2xl flex items-center justify-center shrink-0 bg-teal..."
                                  >
                                ...
                          <ProductCardNew product={{id:"dp-sim...", ...}}>
                            <div className="group bg-w...">
                              <div>
                              <div className="flex flex-...">
                                <div className="flex items...">
                                  <div
+                                   className="w-11 h-11 rounded-2xl flex items-center justify-center shrink-0 bg-teal..."
-                                   className="w-11 h-11 rounded-2xl flex items-center justify-center shrink-0 bg-viol..."
                                  >
                                ...
                        ...
        ...
      ...
 @ http://localhost:3000/_next/static/chunks/node_modules_next_dist_f3530cac._.js:3127
[  123074ms] [LOG] [Fast Refresh] rebuilding @ http://localhost:3000/_next/static/chunks/node_modules_next_dist_f3530cac._.js:2297
[  123369ms] [LOG] [Fast Refresh] done in 307ms @ http://localhost:3000/_next/static/chunks/node_modules_next_dist_f3530cac._.js:2297
[  138588ms] [LOG] [Fast Refresh] rebuilding @ http://localhost:3000/_next/static/chunks/node_modules_next_dist_f3530cac._.js:2297
[  138773ms] [LOG] [Fast Refresh] done in 238ms @ http://localhost:3000/_next/static/chunks/node_modules_next_dist_f3530cac._.js:2297
[  169788ms] [LOG] [Fast Refresh] rebuilding @ http://localhost:3000/_next/static/chunks/node_modules_next_dist_f3530cac._.js:2297
[  169973ms] [LOG] [Fast Refresh] done in 244ms @ http://localhost:3000/_next/static/chunks/node_modules_next_dist_f3530cac._.js:2297
[  184985ms] [LOG] [Fast Refresh] rebuilding @ http://localhost:3000/_next/static/chunks/node_modules_next_dist_f3530cac._.js:2297
[  185051ms] [LOG] [Fast Refresh] done in 168ms @ http://localhost:3000/_next/static/chunks/node_modules_next_dist_f3530cac._.js:2297
[  185391ms] [INFO] %cDownload the React DevTools for a better development experience: https://react.dev/link/react-devtools font-weight:bold @ http://localhost:3000/_next/static/chunks/node_modules_next_dist_f3530cac._.js:2297
[  185454ms] [LOG] [HMR] connected @ http://localhost:3000/_next/static/chunks/node_modules_next_dist_f3530cac._.js:2297
[  185631ms] [ERROR] A tree hydrated but some attributes of the server rendered HTML didn't match the client properties. This won't be patched up. This can happen if a SSR-ed Client Component used:

- A server/client branch `if (typeof window !== 'undefined')`.
- Variable input such as `Date.now()` or `Math.random()` which changes each time it's called.
- Date formatting in a user's locale which doesn't match the server.
- External changing data without sending a snapshot of it along with the HTML.
- Invalid HTML tag nesting.

It can also happen if the client has a browser extension installed which messes with the HTML before React loaded.

%s%s https://react.dev/link/hydration-mismatch 

  ...
    <RedirectErrorBoundary router={{...}}>
      <InnerLayoutRouter url="/" tree={[...]} params={{}} cacheNode={{rsc:<Fragment>, ...}} segmentPath={[...]} ...>
        <SegmentViewNode type="page" pagePath="page.tsx">
          <SegmentTrieNode>
          <HomePage>
            <main>
              <PsikotesHero>
              <PreloadChunks>
              <PsikotesTransformationMap>
              <PreloadChunks>
              <PsikotesStage>
              <PreloadChunks>
              <PsikotesCategoryNav>
              <LoadableComponent>
                <PreloadChunks>
                <LoadableComponent>
                  <PsikotesProducts>
                    <section id="masa-depan" className="py-12 md:p...">
                      <div className="max-w-7xl ...">
                        <div>
                        <div className="grid grid-...">
                          <ProductCardNew>
                          <ProductCardNew product={{id:"dp-anx...", ...}}>
                            <div className="group bg-w...">
                              <div>
                              <div className="flex flex-...">
                                <div className="flex items...">
                                  <div
+                                   className="w-11 h-11 rounded-2xl flex items-center justify-center shrink-0 bg-ambe..."
-                                   className="w-11 h-11 rounded-2xl flex items-center justify-center shrink-0 bg-rose..."
                                  >
                                ...
                          <ProductCardNew product={{id:"dp-cit...", ...}}>
                            <div className="group bg-w...">
                              <div>
                              <div className="flex flex-...">
                                <div className="flex items...">
                                  <div
+                                   className="w-11 h-11 rounded-2xl flex items-center justify-center shrink-0 bg-teal..."
-                                   className="w-11 h-11 rounded-2xl flex items-center justify-center shrink-0 bg-ambe..."
                                  >
                                ...
                          <ProductCardNew product={{id:"dp-qua...", ...}}>
                            <div className="group bg-w...">
                              <div>
                              <div className="flex flex-...">
                                <div className="flex items...">
                                  <div
+                                   className="w-11 h-11 rounded-2xl flex items-center justify-center shrink-0 bg-emer..."
-                                   className="w-11 h-11 rounded-2xl flex items-center justify-center shrink-0 bg-indi..."
                                  >
                                ...
                          <ProductCardNew product={{id:"dp-iq-...", ...}}>
                            <div className="group bg-w...">
                              <div>
                              <div className="flex flex-...">
                                <div className="flex items...">
                                  <div
+                                   className="w-11 h-11 rounded-2xl flex items-center justify-center shrink-0 bg-ambe..."
-                                   className="w-11 h-11 rounded-2xl flex items-center justify-center shrink-0 bg-teal..."
                                  >
                                ...
                          <ProductCardNew product={{id:"dp-sim...", ...}}>
                            <div className="group bg-w...">
                              <div>
                              <div className="flex flex-...">
                                <div className="flex items...">
                                  <div
+                                   className="w-11 h-11 rounded-2xl flex items-center justify-center shrink-0 bg-teal..."
-                                   className="w-11 h-11 rounded-2xl flex items-center justify-center shrink-0 bg-viol..."
                                  >
                                ...
                        ...
        ...
      ...
 @ http://localhost:3000/_next/static/chunks/node_modules_next_dist_f3530cac._.js:3127
[  227837ms] [LOG] [Fast Refresh] rebuilding @ http://localhost:3000/_next/static/chunks/node_modules_next_dist_f3530cac._.js:2297
[  227864ms] [LOG] [Fast Refresh] done in 114ms @ http://localhost:3000/_next/static/chunks/node_modules_next_dist_f3530cac._.js:2297
[  242881ms] [LOG] [Fast Refresh] rebuilding @ http://localhost:3000/_next/static/chunks/node_modules_next_dist_f3530cac._.js:2297
[  242920ms] [LOG] [Fast Refresh] done in 111ms @ http://localhost:3000/_next/static/chunks/node_modules_next_dist_f3530cac._.js:2297
[  251688ms] [LOG] [Fast Refresh] rebuilding @ http://localhost:3000/_next/static/chunks/node_modules_next_dist_f3530cac._.js:2297
[  251901ms] [LOG] [Fast Refresh] done in 283ms @ http://localhost:3000/_next/static/chunks/node_modules_next_dist_f3530cac._.js:2297
[  262177ms] [LOG] [Fast Refresh] rebuilding @ http://localhost:3000/_next/static/chunks/node_modules_next_dist_f3530cac._.js:2297
[  262245ms] [LOG] [Fast Refresh] done in 144ms @ http://localhost:3000/_next/static/chunks/node_modules_next_dist_f3530cac._.js:2297
[  283336ms] [LOG] [Fast Refresh] rebuilding @ http://localhost:3000/_next/static/chunks/node_modules_next_dist_f3530cac._.js:2297
[  283555ms] [LOG] [Fast Refresh] done in 239ms @ http://localhost:3000/_next/static/chunks/node_modules_next_dist_f3530cac._.js:2297
[  331793ms] [LOG] [Fast Refresh] rebuilding @ http://localhost:3000/_next/static/chunks/node_modules_next_dist_f3530cac._.js:2297
[  331985ms] [LOG] [Fast Refresh] done in 227ms @ http://localhost:3000/_next/static/chunks/node_modules_next_dist_f3530cac._.js:2297
[  342140ms] [LOG] [Fast Refresh] rebuilding @ http://localhost:3000/_next/static/chunks/node_modules_next_dist_f3530cac._.js:2297
[  342177ms] [LOG] [Fast Refresh] done in 115ms @ http://localhost:3000/_next/static/chunks/node_modules_next_dist_f3530cac._.js:2297
[  356703ms] [LOG] [Fast Refresh] rebuilding @ http://localhost:3000/_next/static/chunks/node_modules_next_dist_f3530cac._.js:2297
[  356753ms] [LOG] [Fast Refresh] done in 151ms @ http://localhost:3000/_next/static/chunks/node_modules_next_dist_f3530cac._.js:2297
[  357069ms] [INFO] %cDownload the React DevTools for a better development experience: https://react.dev/link/react-devtools font-weight:bold @ http://localhost:3000/_next/static/chunks/node_modules_next_dist_f3530cac._.js:2297
[  357123ms] [LOG] [HMR] connected @ http://localhost:3000/_next/static/chunks/node_modules_next_dist_f3530cac._.js:2297
[  357284ms] [ERROR] A tree hydrated but some attributes of the server rendered HTML didn't match the client properties. This won't be patched up. This can happen if a SSR-ed Client Component used:

- A server/client branch `if (typeof window !== 'undefined')`.
- Variable input such as `Date.now()` or `Math.random()` which changes each time it's called.
- Date formatting in a user's locale which doesn't match the server.
- External changing data without sending a snapshot of it along with the HTML.
- Invalid HTML tag nesting.

It can also happen if the client has a browser extension installed which messes with the HTML before React loaded.

%s%s https://react.dev/link/hydration-mismatch 

  ...
    <RedirectErrorBoundary router={{...}}>
      <InnerLayoutRouter url="/" tree={[...]} params={{}} cacheNode={{rsc:<Fragment>, ...}} segmentPath={[...]} ...>
        <SegmentViewNode type="page" pagePath="page.tsx">
          <SegmentTrieNode>
          <HomePage>
            <main>
              <PsikotesHero>
              <PreloadChunks>
              <PsikotesTransformationMap>
              <PreloadChunks>
              <PsikotesStage>
              <PreloadChunks>
              <PsikotesCategoryNav>
              <LoadableComponent>
                <PreloadChunks>
                <LoadableComponent>
                  <PsikotesProducts>
                    <section id="masa-depan" className="py-12 md:p...">
                      <div className="max-w-7xl ...">
                        <div>
                        <div className="grid grid-...">
                          <ProductCardNew>
                          <ProductCardNew product={{id:"dp-anx...", ...}}>
                            <div className="group bg-w...">
                              <div>
                              <div className="flex flex-...">
                                <div className="flex items...">
                                  <div
+                                   className="w-11 h-11 rounded-2xl flex items-center justify-center shrink-0 bg-ambe..."
-                                   className="w-11 h-11 rounded-2xl flex items-center justify-center shrink-0 bg-rose..."
                                  >
                                ...
                          <ProductCardNew product={{id:"dp-cit...", ...}}>
                            <div className="group bg-w...">
                              <div>
                              <div className="flex flex-...">
                                <div className="flex items...">
                                  <div
+                                   className="w-11 h-11 rounded-2xl flex items-center justify-center shrink-0 bg-teal..."
-                                   className="w-11 h-11 rounded-2xl flex items-center justify-center shrink-0 bg-ambe..."
                                  >
                                ...
                          <ProductCardNew product={{id:"dp-qua...", ...}}>
                            <div className="group bg-w...">
                              <div>
                              <div className="flex flex-...">
                                <div className="flex items...">
                                  <div
+                                   className="w-11 h-11 rounded-2xl flex items-center justify-center shrink-0 bg-emer..."
-                                   className="w-11 h-11 rounded-2xl flex items-center justify-center shrink-0 bg-indi..."
                                  >
                                ...
                          <ProductCardNew product={{id:"dp-iq-...", ...}}>
                            <div className="group bg-w...">
                              <div>
                              <div className="flex flex-...">
                                <div className="flex items...">
                                  <div
+                                   className="w-11 h-11 rounded-2xl flex items-center justify-center shrink-0 bg-ambe..."
-                                   className="w-11 h-11 rounded-2xl flex items-center justify-center shrink-0 bg-teal..."
                                  >
                                ...
                          <ProductCardNew product={{id:"dp-sim...", ...}}>
                            <div className="group bg-w...">
                              <div>
                              <div className="flex flex-...">
                                <div className="flex items...">
                                  <div
+                                   className="w-11 h-11 rounded-2xl flex items-center justify-center shrink-0 bg-teal..."
-                                   className="w-11 h-11 rounded-2xl flex items-center justify-center shrink-0 bg-viol..."
                                  >
                                ...
                        ...
        ...
      ...
 @ http://localhost:3000/_next/static/chunks/node_modules_next_dist_f3530cac._.js:3127
[  378886ms] [LOG] [Fast Refresh] rebuilding @ http://localhost:3000/_next/static/chunks/node_modules_next_dist_f3530cac._.js:2297
[  379041ms] [LOG] [Fast Refresh] done in 188ms @ http://localhost:3000/_next/static/chunks/node_modules_next_dist_f3530cac._.js:2297
[  405584ms] [LOG] [Fast Refresh] rebuilding @ http://localhost:3000/_next/static/chunks/node_modules_next_dist_f3530cac._.js:2297
[  405611ms] [LOG] [Fast Refresh] done in 98ms @ http://localhost:3000/_next/static/chunks/node_modules_next_dist_f3530cac._.js:2297
