[     111ms] [LOG] [Fast Refresh] rebuilding @ http://localhost:3000/_next/static/chunks/node_modules_next_dist_f3530cac._.js:2297
[     166ms] [LOG] [Fast Refresh] done in 154ms @ http://localhost:3000/_next/static/chunks/node_modules_next_dist_f3530cac._.js:2297
[     267ms] [LOG] [Fast Refresh] rebuilding @ http://localhost:3000/_next/static/chunks/node_modules_next_dist_f3530cac._.js:2297
[     396ms] [LOG] [Fast Refresh] done in 230ms @ http://localhost:3000/_next/static/chunks/node_modules_next_dist_f3530cac._.js:2297
[     496ms] [INFO] %cDownload the React DevTools for a better development experience: https://react.dev/link/react-devtools font-weight:bold @ http://localhost:3000/_next/static/chunks/node_modules_next_dist_f3530cac._.js:2297
[     547ms] [LOG] [HMR] connected @ http://localhost:3000/_next/static/chunks/node_modules_next_dist_f3530cac._.js:2297
[     718ms] Error: Hydration failed because the server rendered HTML didn't match the client. As a result this tree will be regenerated on the client. This can happen if a SSR-ed Client Component used:

- A server/client branch `if (typeof window !== 'undefined')`.
- Variable input such as `Date.now()` or `Math.random()` which changes each time it's called.
- Date formatting in a user's locale which doesn't match the server.
- External changing data without sending a snapshot of it along with the HTML.
- Invalid HTML tag nesting.

It can also happen if the client has a browser extension installed which messes with the HTML before React loaded.

https://react.dev/link/hydration-mismatch

  ...
    <RenderFromTemplateContext>
      <ScrollAndFocusHandler segmentPath={[...]}>
        <InnerScrollAndFocusHandler segmentPath={[...]} focusAndScrollRef={{apply:false, ...}}>
          <ErrorBoundary errorComponent={undefined} errorStyles={undefined} errorScripts={undefined}>
            <LoadingBoundary name="/" loading={null}>
              <HTTPAccessFallbackBoundary notFound={<SegmentViewNode>} forbidden={undefined} unauthorized={undefined}>
                <HTTPAccessFallbackErrorBoundary pathname="/" notFound={<SegmentViewNode>} forbidden={undefined} ...>
                  <RedirectBoundary>
                    <RedirectErrorBoundary router={{...}}>
                      <InnerLayoutRouter url="/" tree={[...]} params={{}} cacheNode={{rsc:<Fragment>, ...}} ...>
                        <SegmentViewNode type="page" pagePath="page.tsx">
                          <SegmentTrieNode>
                          <HomePage>
                            <main>
                              <PsikotesHero>
                                <section
+                                 className="relative overflow-hidden min-h-[calc(100vh-64px)] bg-gradient-to-br from-..."
-                                 className="bg-white px-4 py-4 md:px-6 md:py-5"
                                >
                                  <div
+                                   className="absolute top-0 right-0 w-72 h-72 bg-teal-100/30 rounded-full blur-2xl p..."
-                                   className="relative overflow-hidden rounded-[2rem] min-h-[calc(100vh-96px)]"
-                                   style={{background-image:"linear-gra...",background-position-x:"initial", ...}}
                                  >
-                                   <div
-                                     className="relative z-10 max-w-7xl mx-auto px-6 py-10 grid min-h-[calc(100vh-96p..."
-                                     style={{grid-template-columns:"minmax(0px..."}}
-                                   >
                                  ...
                              ...
                        ...
                      ...
          ...

    at throwOnHydrationMismatch (http://localhost:3000/_next/static/chunks/node_modules_next_dist_compiled_react-dom_1e674e59._.js:3348:56)
    at popHydrationState (http://localhost:3000/_next/static/chunks/node_modules_next_dist_compiled_react-dom_1e674e59._.js:3433:13)
    at completeWork (http://localhost:3000/_next/static/chunks/node_modules_next_dist_compiled_react-dom_1e674e59._.js:6934:25)
    at runWithFiberInDEV (http://localhost:3000/_next/static/chunks/node_modules_next_dist_compiled_react-dom_1e674e59._.js:965:74)
    at completeUnitOfWork (http://localhost:3000/_next/static/chunks/node_modules_next_dist_compiled_react-dom_1e674e59._.js:9627:23)
    at performUnitOfWork (http://localhost:3000/_next/static/chunks/node_modules_next_dist_compiled_react-dom_1e674e59._.js:9564:28)
    at workLoopConcurrentByScheduler (http://localhost:3000/_next/static/chunks/node_modules_next_dist_compiled_react-dom_1e674e59._.js:9558:58)
    at renderRootConcurrent (http://localhost:3000/_next/static/chunks/node_modules_next_dist_compiled_react-dom_1e674e59._.js:9541:71)
    at performWorkOnRoot (http://localhost:3000/_next/static/chunks/node_modules_next_dist_compiled_react-dom_1e674e59._.js:9068:150)
    at performWorkOnRootViaSchedulerTask (http://localhost:3000/_next/static/chunks/node_modules_next_dist_compiled_react-dom_1e674e59._.js:10230:9)
    at MessagePort.performWorkUntilDeadline (http://localhost:3000/_next/static/chunks/node_modules_next_dist_compiled_a0e4c7b4._.js:2647:64)
[     976ms] [LOG] [Fast Refresh] rebuilding @ http://localhost:3000/_next/static/chunks/node_modules_next_dist_f3530cac._.js:2297
[    1010ms] [LOG] [Fast Refresh] done in 134ms @ http://localhost:3000/_next/static/chunks/node_modules_next_dist_f3530cac._.js:2297
[   20354ms] [INFO] %cDownload the React DevTools for a better development experience: https://react.dev/link/react-devtools font-weight:bold @ http://localhost:3000/_next/static/chunks/node_modules_next_dist_f3530cac._.js:2297
[   20404ms] [LOG] [HMR] connected @ http://localhost:3000/_next/static/chunks/node_modules_next_dist_f3530cac._.js:2297
[   20572ms] [ERROR] A tree hydrated but some attributes of the server rendered HTML didn't match the client properties. This won't be patched up. This can happen if a SSR-ed Client Component used:

- A server/client branch `if (typeof window !== 'undefined')`.
- Variable input such as `Date.now()` or `Math.random()` which changes each time it's called.
- Date formatting in a user's locale which doesn't match the server.
- External changing data without sending a snapshot of it along with the HTML.
- Invalid HTML tag nesting.

It can also happen if the client has a browser extension installed which messes with the HTML before React loaded.

%s%s https://react.dev/link/hydration-mismatch 

  ...
    <RedirectErrorBoundary router={{...}}>
      <InnerLayoutRouter url="/" tree={[...]} params={{}} cacheNode={{rsc:<Fragment>, ...}} segmentPath={[...]} ...>
        <SegmentViewNode type="page" pagePath="page.tsx">
          <SegmentTrieNode>
          <HomePage>
            <main>
              <PsikotesHero>
              <PreloadChunks>
              <PsikotesTransformationMap>
              <PreloadChunks>
              <PsikotesStage>
              <PreloadChunks>
              <PsikotesCategoryNav>
              <LoadableComponent>
                <PreloadChunks>
                <LoadableComponent>
                  <PsikotesProducts>
                    <section id="masa-depan" className="py-12 md:p...">
                      <div className="max-w-7xl ...">
                        <div>
                        <div className="grid grid-...">
                          <ProductCardNew>
                          <ProductCardNew product={{id:"dp-anx...", ...}}>
                            <div className="group bg-w...">
                              <div>
                              <div className="flex flex-...">
                                <div className="flex items...">
                                  <div
+                                   className="w-11 h-11 rounded-2xl flex items-center justify-center shrink-0 bg-ambe..."
-                                   className="w-11 h-11 rounded-2xl flex items-center justify-center shrink-0 bg-rose..."
                                  >
                                ...
                          <ProductCardNew product={{id:"dp-cit...", ...}}>
                            <div className="group bg-w...">
                              <div>
                              <div className="flex flex-...">
                                <div className="flex items...">
                                  <div
+                                   className="w-11 h-11 rounded-2xl flex items-center justify-center shrink-0 bg-teal..."
-                                   className="w-11 h-11 rounded-2xl flex items-center justify-center shrink-0 bg-ambe..."
                                  >
                                ...
                          <ProductCardNew product={{id:"dp-qua...", ...}}>
                            <div className="group bg-w...">
                              <div>
                              <div className="flex flex-...">
                                <div className="flex items...">
                                  <div
+                                   className="w-11 h-11 rounded-2xl flex items-center justify-center shrink-0 bg-emer..."
-                                   className="w-11 h-11 rounded-2xl flex items-center justify-center shrink-0 bg-indi..."
                                  >
                                ...
                          <ProductCardNew product={{id:"dp-iq-...", ...}}>
                            <div className="group bg-w...">
                              <div>
                              <div className="flex flex-...">
                                <div className="flex items...">
                                  <div
+                                   className="w-11 h-11 rounded-2xl flex items-center justify-center shrink-0 bg-ambe..."
-                                   className="w-11 h-11 rounded-2xl flex items-center justify-center shrink-0 bg-teal..."
                                  >
                                ...
                          <ProductCardNew product={{id:"dp-sim...", ...}}>
                            <div className="group bg-w...">
                              <div>
                              <div className="flex flex-...">
                                <div className="flex items...">
                                  <div
+                                   className="w-11 h-11 rounded-2xl flex items-center justify-center shrink-0 bg-teal..."
-                                   className="w-11 h-11 rounded-2xl flex items-center justify-center shrink-0 bg-viol..."
                                  >
                                ...
                        ...
        ...
      ...
 @ http://localhost:3000/_next/static/chunks/node_modules_next_dist_f3530cac._.js:3127
[  110153ms] [INFO] %cDownload the React DevTools for a better development experience: https://react.dev/link/react-devtools font-weight:bold @ http://localhost:3000/_next/static/chunks/node_modules_next_dist_f3530cac._.js:2297
[  110182ms] [LOG] [HMR] connected @ http://localhost:3000/_next/static/chunks/node_modules_next_dist_f3530cac._.js:2297
[  110340ms] [ERROR] A tree hydrated but some attributes of the server rendered HTML didn't match the client properties. This won't be patched up. This can happen if a SSR-ed Client Component used:

- A server/client branch `if (typeof window !== 'undefined')`.
- Variable input such as `Date.now()` or `Math.random()` which changes each time it's called.
- Date formatting in a user's locale which doesn't match the server.
- External changing data without sending a snapshot of it along with the HTML.
- Invalid HTML tag nesting.

It can also happen if the client has a browser extension installed which messes with the HTML before React loaded.

%s%s https://react.dev/link/hydration-mismatch 

  ...
    <RedirectErrorBoundary router={{...}}>
      <InnerLayoutRouter url="/" tree={[...]} params={{}} cacheNode={{rsc:<Fragment>, ...}} segmentPath={[...]} ...>
        <SegmentViewNode type="page" pagePath="page.tsx">
          <SegmentTrieNode>
          <HomePage>
            <main>
              <PsikotesHero>
              <PreloadChunks>
              <PsikotesTransformationMap>
              <PreloadChunks>
              <PsikotesStage>
              <PreloadChunks>
              <PsikotesCategoryNav>
              <LoadableComponent>
                <PreloadChunks>
                <LoadableComponent>
                  <PsikotesProducts>
                    <section id="masa-depan" className="py-12 md:p...">
                      <div className="max-w-7xl ...">
                        <div>
                        <div className="grid grid-...">
                          <ProductCardNew>
                          <ProductCardNew product={{id:"dp-anx...", ...}}>
                            <div className="group bg-w...">
                              <div>
                              <div className="flex flex-...">
                                <div className="flex items...">
                                  <div
+                                   className="w-11 h-11 rounded-2xl flex items-center justify-center shrink-0 bg-ambe..."
-                                   className="w-11 h-11 rounded-2xl flex items-center justify-center shrink-0 bg-rose..."
                                  >
                                ...
                          <ProductCardNew product={{id:"dp-cit...", ...}}>
                            <div className="group bg-w...">
                              <div>
                              <div className="flex flex-...">
                                <div className="flex items...">
                                  <div
+                                   className="w-11 h-11 rounded-2xl flex items-center justify-center shrink-0 bg-teal..."
-                                   className="w-11 h-11 rounded-2xl flex items-center justify-center shrink-0 bg-ambe..."
                                  >
                                ...
                          <ProductCardNew product={{id:"dp-qua...", ...}}>
                            <div className="group bg-w...">
                              <div>
                              <div className="flex flex-...">
                                <div className="flex items...">
                                  <div
+                                   className="w-11 h-11 rounded-2xl flex items-center justify-center shrink-0 bg-emer..."
-                                   className="w-11 h-11 rounded-2xl flex items-center justify-center shrink-0 bg-indi..."
                                  >
                                ...
                          <ProductCardNew product={{id:"dp-iq-...", ...}}>
                            <div className="group bg-w...">
                              <div>
                              <div className="flex flex-...">
                                <div className="flex items...">
                                  <div
+                                   className="w-11 h-11 rounded-2xl flex items-center justify-center shrink-0 bg-ambe..."
-                                   className="w-11 h-11 rounded-2xl flex items-center justify-center shrink-0 bg-teal..."
                                  >
                                ...
                          <ProductCardNew product={{id:"dp-sim...", ...}}>
                            <div className="group bg-w...">
                              <div>
                              <div className="flex flex-...">
                                <div className="flex items...">
                                  <div
+                                   className="w-11 h-11 rounded-2xl flex items-center justify-center shrink-0 bg-teal..."
-                                   className="w-11 h-11 rounded-2xl flex items-center justify-center shrink-0 bg-viol..."
                                  >
                                ...
                        ...
        ...
      ...
 @ http://localhost:3000/_next/static/chunks/node_modules_next_dist_f3530cac._.js:3127
[  236699ms] [LOG] [Fast Refresh] rebuilding @ http://localhost:3000/_next/static/chunks/node_modules_next_dist_f3530cac._.js:2297
[  236754ms] [LOG] [Fast Refresh] done in 130ms @ http://localhost:3000/_next/static/chunks/node_modules_next_dist_f3530cac._.js:2297
