[     114ms] [LOG] [Fast Refresh] rebuilding @ http://localhost:3000/_next/static/chunks/node_modules_next_dist_f3530cac._.js:2297
[     272ms] [LOG] [Fast Refresh] done in 257ms @ http://localhost:3000/_next/static/chunks/node_modules_next_dist_f3530cac._.js:2297
[     373ms] [LOG] [Fast Refresh] rebuilding @ http://localhost:3000/_next/static/chunks/node_modules_next_dist_f3530cac._.js:2297
[     710ms] [LOG] [Fast Refresh] done in 437ms @ http://localhost:3000/_next/static/chunks/node_modules_next_dist_f3530cac._.js:2297
[     849ms] [INFO] %cDownload the React DevTools for a better development experience: https://react.dev/link/react-devtools font-weight:bold @ http://localhost:3000/_next/static/chunks/node_modules_next_dist_f3530cac._.js:2297
[     915ms] [LOG] [HMR] connected @ http://localhost:3000/_next/static/chunks/node_modules_next_dist_f3530cac._.js:2297
[    1328ms] [LOG] [Fast Refresh] rebuilding @ http://localhost:3000/_next/static/chunks/node_modules_next_dist_f3530cac._.js:2297
[    1404ms] [ERROR] A tree hydrated but some attributes of the server rendered HTML didn't match the client properties. This won't be patched up. This can happen if a SSR-ed Client Component used:

- A server/client branch `if (typeof window !== 'undefined')`.
- Variable input such as `Date.now()` or `Math.random()` which changes each time it's called.
- Date formatting in a user's locale which doesn't match the server.
- External changing data without sending a snapshot of it along with the HTML.
- Invalid HTML tag nesting.

It can also happen if the client has a browser extension installed which messes with the HTML before React loaded.

%s%s https://react.dev/link/hydration-mismatch 

  ...
    <AppDevOverlayErrorBoundary globalError={[...]}>
      <ReplaySsrOnlyErrors>
      <DevRootHTTPAccessFallbackBoundary>
        <HTTPAccessFallbackBoundary notFound={<NotAllowedRootHTTPFallbackError>}>
          <HTTPAccessFallbackErrorBoundary pathname="/" notFound={<NotAllowedRootHTTPFallbackError>} ...>
            <RedirectBoundary>
              <RedirectErrorBoundary router={{...}}>
                <Head>
                <__next_root_layout_boundary__>
                  <SegmentViewNode type="layout" pagePath="layout.tsx">
                    <SegmentTrieNode>
                    <link>
                    <script>
                    <script>
                    <script>
                    <RootLayout>
                      <html lang="id" suppressHydrationWarning={true}>
                        <body className="plus_jakar...">
                          <QueryProvider>
                            <QueryClientProvider client={{}}>
                              <Navbar>
                                <header className="fixed top-...">
                                  <nav
+                                   className="w-full max-w-6xl flex items-center justify-between px-5 py-2.5 transiti..."
-                                   className="w-full max-w-6xl flex items-center justify-between px-5 py-2.5 transiti..."
                                  >
                                    <NavbarLogo>
                                    <NavbarDesktopMenu navItems={[...]} pathname="/" isScrolled={false}>
                                      <div className="hidden md:...">
                                        <LinkComponent href="/" className="px-4 py-2 ...">
                                          <a
+                                           className="px-4 py-2 rounded-full text-[13px] font-semibold tracking-wide ..."
-                                           className="px-4 py-2 rounded-full text-[13px] font-semibold tracking-wide ..."
                                            ref={function}
                                            onClick={function onClick}
                                            onMouseEnter={function onMouseEnter}
                                            onTouchStart={function onTouchStart}
                                            href="/"
                                          >
+                                           Beranda
                                        <DesktopDropdown item={{label:"Ase...", ...}} isScrolled={false}>
                                          <div className="relative g...">
                                            <LinkComponent href="/kategori" className="flex items...">
                                              <a
+                                               className="flex items-center gap-1.5 px-4 py-2 rounded-full text-[13px..."
-                                               className="flex items-center gap-1.5 px-4 py-2 rounded-full text-[13px..."
                                                ref={function}
                                                onClick={function onClick}
                                                onMouseEnter={function onMouseEnter}
                                                onTouchStart={function onTouchStart}
                                                href="/kategori"
                                              >
                                            ...
                                        <LinkComponent href="/gratis" className="px-4 py-2 ...">
                                          <a
+                                           className="px-4 py-2 rounded-full text-[13px] font-semibold tracking-wide ..."
-                                           className="px-4 py-2 rounded-full text-[13px] font-semibold tracking-wide ..."
                                            ref={function}
                                            onClick={function onClick}
                                            onMouseEnter={function onMouseEnter}
                                            onTouchStart={function onTouchStart}
                                            href="/gratis"
                                          >
+                                           Tes Gratis
                                        <LinkComponent href="/about" className="px-4 py-2 ...">
                                          <a
+                                           className="px-4 py-2 rounded-full text-[13px] font-semibold tracking-wide ..."
-                                           className="px-4 py-2 rounded-full text-[13px] font-semibold tracking-wide ..."
                                            ref={function}
                                            onClick={function onClick}
                                            onMouseEnter={function onMouseEnter}
                                            onTouchStart={function onTouchStart}
                                            href="/about"
                                          >
+                                           Tentang
                                        <LinkComponent href="/blog" className="px-4 py-2 ...">
                                          <a
+                                           className="px-4 py-2 rounded-full text-[13px] font-semibold tracking-wide ..."
-                                           className="px-4 py-2 rounded-full text-[13px] font-semibold tracking-wide ..."
                                            ref={function}
                                            onClick={function onClick}
                                            onMouseEnter={function onMouseEnter}
                                            onTouchStart={function onTouchStart}
                                            href="/blog"
                                          >
+                                           Blog
                                    <div className="flex items...">
                                      <NavbarDesktopCta isScrolled={false}>
                                        <div className="hidden md:...">
                                          ...
                                            <Slot.SlotClone data-slot="button" data-variant="ghost" data-size="sm" ...>
                                              <LinkComponent href="/masuk" data-slot="button" data-variant="ghost" ...>
                                                <a
                                                  data-slot="button"
                                                  data-variant="ghost"
                                                  data-size="sm"
+                                                 className={"inline-flex items-center justify-center whitespace-nowr..."}
-                                                 className={"inline-flex items-center justify-center whitespace-nowr..."}
                                                  ref={function}
                                                  onClick={function onClick}
                                                  onMouseEnter={function onMouseEnter}
                                                  onTouchStart={function onTouchStart}
                                                  href="/masuk"
                                                >
+                                                 Masuk
                                          ...
                                            <Slot.SlotClone data-slot="button" data-variant="default" data-size="sm" ...>
                                              <LinkComponent href="/daftar" data-slot="button" data-variant="default" ...>
                                                <a
                                                  data-slot="button"
                                                  data-variant="default"
                                                  data-size="sm"
+                                                 className={"inline-flex items-center justify-center whitespace-nowr..."}
-                                                 className={"inline-flex items-center justify-center whitespace-nowr..."}
                                                  ref={function}
                                                  onClick={function onClick}
                                                  onMouseEnter={function onMouseEnter}
                                                  onTouchStart={function onTouchStart}
                                                  href="/daftar"
                                                >
+                                                 Daftar
                                      <button
+                                       className="md:hidden p-2.5 rounded-xl transition-all duration-200 cursor-point..."
-                                       className="md:hidden p-2.5 rounded-xl transition-all duration-200 cursor-point..."
                                        onClick={function onClick}
                                      >
                              <MainContainer>
                                <main
+                                 className="relative z-10 bg-background min-h-screen"
-                                 className="relative z-10 bg-background"
                                >
                                  <div
+                                   className="min-h-full w-full bg-background"
-                                   className="w-full bg-background"
                                  >
                                    ...
                                      <HomePage>
                                        <main>
                                          <PsikotesHero>
                                            <section className="relative o...">
                                              <div
+                                               className="absolute top-0 right-0 w-[600px] h-[600px] bg-primary-50/50..."
-                                               className="absolute top-0 right-0 w-[500px] h-[500px] bg-primary-50/40..."
                                              >
                                              <div
+                                               className="absolute bottom-0 left-0 w-[400px] h-[400px] bg-slate-50 ro..."
-                                               className="absolute bottom-0 left-0 w-[300px] h-[300px] bg-slate-50 ro..."
                                              >
                                              ...
                                          ...
                              ...
                ...
 @ http://localhost:3000/_next/static/chunks/node_modules_next_dist_f3530cac._.js:3127
[    1461ms] [LOG] [Fast Refresh] done in 250ms @ http://localhost:3000/_next/static/chunks/node_modules_next_dist_f3530cac._.js:2297
[  316258ms] [INFO] %cDownload the React DevTools for a better development experience: https://react.dev/link/react-devtools font-weight:bold @ http://localhost:3000/_next/static/chunks/node_modules_next_dist_f3530cac._.js:2297
[  316298ms] [LOG] [HMR] connected @ http://localhost:3000/_next/static/chunks/node_modules_next_dist_f3530cac._.js:2297
[  525669ms] [LOG] [Fast Refresh] rebuilding @ http://localhost:3000/_next/static/chunks/node_modules_next_dist_f3530cac._.js:2297
[  526947ms] [LOG] [Fast Refresh] done in 1321ms @ http://localhost:3000/_next/static/chunks/node_modules_next_dist_f3530cac._.js:2297
[  544131ms] [LOG] [Fast Refresh] rebuilding @ http://localhost:3000/_next/static/chunks/node_modules_next_dist_f3530cac._.js:2297
[  545207ms] [LOG] [Fast Refresh] done in 1177ms @ http://localhost:3000/_next/static/chunks/node_modules_next_dist_f3530cac._.js:2297
[  562288ms] [LOG] [Fast Refresh] rebuilding @ http://localhost:3000/_next/static/chunks/node_modules_next_dist_f3530cac._.js:2297
[  563391ms] [LOG] [Fast Refresh] done in 1204ms @ http://localhost:3000/_next/static/chunks/node_modules_next_dist_f3530cac._.js:2297
[  614267ms] [LOG] [Fast Refresh] rebuilding @ http://localhost:3000/_next/static/chunks/node_modules_next_dist_f3530cac._.js:2297
[  615246ms] [LOG] [Fast Refresh] done in 1037ms @ http://localhost:3000/_next/static/chunks/node_modules_next_dist_f3530cac._.js:2297
[  670785ms] [LOG] [Fast Refresh] rebuilding @ http://localhost:3000/_next/static/chunks/node_modules_next_dist_f3530cac._.js:2297
[  671314ms] [LOG] [Fast Refresh] done in 578ms @ http://localhost:3000/_next/static/chunks/node_modules_next_dist_f3530cac._.js:2297
[  693936ms] [LOG] [Fast Refresh] rebuilding @ http://localhost:3000/_next/static/chunks/node_modules_next_dist_f3530cac._.js:2297
[  694029ms] [LOG] [Fast Refresh] done in 166ms @ http://localhost:3000/_next/static/chunks/node_modules_next_dist_f3530cac._.js:2297
[  694146ms] [LOG] [Fast Refresh] rebuilding @ http://localhost:3000/_next/static/chunks/node_modules_next_dist_f3530cac._.js:2297
[  694440ms] [LOG] [Fast Refresh] done in 353ms @ http://localhost:3000/_next/static/chunks/node_modules_next_dist_f3530cac._.js:2297
[  731388ms] [LOG] [Fast Refresh] rebuilding @ http://localhost:3000/_next/static/chunks/node_modules_next_dist_f3530cac._.js:2297
[  731479ms] [LOG] [Fast Refresh] done in 191ms @ http://localhost:3000/_next/static/chunks/node_modules_next_dist_f3530cac._.js:2297
[  731925ms] [INFO] %cDownload the React DevTools for a better development experience: https://react.dev/link/react-devtools font-weight:bold @ http://localhost:3000/_next/static/chunks/node_modules_next_dist_f3530cac._.js:2297
[  732001ms] [LOG] [HMR] connected @ http://localhost:3000/_next/static/chunks/node_modules_next_dist_f3530cac._.js:2297
[  754711ms] [LOG] [Fast Refresh] rebuilding @ http://localhost:3000/_next/static/chunks/node_modules_next_dist_f3530cac._.js:2297
[  754848ms] [LOG] [Fast Refresh] done in 181ms @ http://localhost:3000/_next/static/chunks/node_modules_next_dist_f3530cac._.js:2297
[  789048ms] [LOG] [Fast Refresh] rebuilding @ http://localhost:3000/_next/static/chunks/node_modules_next_dist_f3530cac._.js:2297
[  789175ms] [LOG] [Fast Refresh] done in 169ms @ http://localhost:3000/_next/static/chunks/node_modules_next_dist_f3530cac._.js:2297
[  823557ms] [LOG] [Fast Refresh] rebuilding @ http://localhost:3000/_next/static/chunks/node_modules_next_dist_f3530cac._.js:2297
[  824130ms] [LOG] [Fast Refresh] done in 573ms @ http://localhost:3000/_next/static/chunks/node_modules_next_dist_f3530cac._.js:2297
[  858055ms] [LOG] [Fast Refresh] rebuilding @ http://localhost:3000/_next/static/chunks/node_modules_next_dist_f3530cac._.js:2297
[  858226ms] [LOG] [Fast Refresh] done in 243ms @ http://localhost:3000/_next/static/chunks/node_modules_next_dist_f3530cac._.js:2297
[  890755ms] [LOG] [Fast Refresh] rebuilding @ http://localhost:3000/_next/static/chunks/node_modules_next_dist_f3530cac._.js:2297
[  891004ms] [LOG] [Fast Refresh] done in 307ms @ http://localhost:3000/_next/static/chunks/node_modules_next_dist_f3530cac._.js:2297
