[     184ms] [INFO] %cDownload the React DevTools for a better development experience: https://react.dev/link/react-devtools font-weight:bold @ http://localhost:3000/_next/static/chunks/node_modules_next_dist_f3530cac._.js:2297
[     232ms] [LOG] [HMR] connected @ http://localhost:3000/_next/static/chunks/node_modules_next_dist_f3530cac._.js:2297
[     476ms] [ERROR] A tree hydrated but some attributes of the server rendered HTML didn't match the client properties. This won't be patched up. This can happen if a SSR-ed Client Component used:

- A server/client branch `if (typeof window !== 'undefined')`.
- Variable input such as `Date.now()` or `Math.random()` which changes each time it's called.
- Date formatting in a user's locale which doesn't match the server.
- External changing data without sending a snapshot of it along with the HTML.
- Invalid HTML tag nesting.

It can also happen if the client has a browser extension installed which messes with the HTML before React loaded.

%s%s https://react.dev/link/hydration-mismatch 

  ...
    <RedirectErrorBoundary router={{...}}>
      <InnerLayoutRouter url="/" tree={[...]} params={{}} cacheNode={{rsc:<Fragment>, ...}} segmentPath={[...]} ...>
        <SegmentViewNode type="page" pagePath="page.tsx">
          <SegmentTrieNode>
          <HomePage>
            <main>
              <PsikotesHero>
              <PreloadChunks>
              <PsikotesTransformationMap>
              <PreloadChunks>
              <PsikotesStage>
              <PreloadChunks>
              <PsikotesCategoryNav>
              <LoadableComponent>
                <PreloadChunks>
                <LoadableComponent>
                  <PsikotesProducts>
                    <section id="masa-depan" className="py-12 md:p...">
                      <div className="max-w-7xl ...">
                        <div>
                        <div className="grid grid-...">
                          <ProductCardNew>
                          <ProductCardNew product={{id:"dp-anx...", ...}}>
                            <div className="group bg-w...">
                              <div>
                              <div className="flex flex-...">
                                <div className="flex items...">
                                  <div
+                                   className="w-11 h-11 rounded-2xl flex items-center justify-center shrink-0 bg-ambe..."
-                                   className="w-11 h-11 rounded-2xl flex items-center justify-center shrink-0 bg-rose..."
                                  >
                                ...
                          <ProductCardNew product={{id:"dp-cit...", ...}}>
                            <div className="group bg-w...">
                              <div>
                              <div className="flex flex-...">
                                <div className="flex items...">
                                  <div
+                                   className="w-11 h-11 rounded-2xl flex items-center justify-center shrink-0 bg-teal..."
-                                   className="w-11 h-11 rounded-2xl flex items-center justify-center shrink-0 bg-ambe..."
                                  >
                                ...
                          <ProductCardNew product={{id:"dp-qua...", ...}}>
                            <div className="group bg-w...">
                              <div>
                              <div className="flex flex-...">
                                <div className="flex items...">
                                  <div
+                                   className="w-11 h-11 rounded-2xl flex items-center justify-center shrink-0 bg-emer..."
-                                   className="w-11 h-11 rounded-2xl flex items-center justify-center shrink-0 bg-indi..."
                                  >
                                ...
                          <ProductCardNew product={{id:"dp-iq-...", ...}}>
                            <div className="group bg-w...">
                              <div>
                              <div className="flex flex-...">
                                <div className="flex items...">
                                  <div
+                                   className="w-11 h-11 rounded-2xl flex items-center justify-center shrink-0 bg-ambe..."
-                                   className="w-11 h-11 rounded-2xl flex items-center justify-center shrink-0 bg-teal..."
                                  >
                                ...
                          <ProductCardNew product={{id:"dp-sim...", ...}}>
                            <div className="group bg-w...">
                              <div>
                              <div className="flex flex-...">
                                <div className="flex items...">
                                  <div
+                                   className="w-11 h-11 rounded-2xl flex items-center justify-center shrink-0 bg-teal..."
-                                   className="w-11 h-11 rounded-2xl flex items-center justify-center shrink-0 bg-viol..."
                                  >
                                ...
                        ...
        ...
      ...
 @ http://localhost:3000/_next/static/chunks/node_modules_next_dist_f3530cac._.js:3127
[     482ms] [LOG] [Fast Refresh] rebuilding @ http://localhost:3000/_next/static/chunks/node_modules_next_dist_f3530cac._.js:2297
[     536ms] [LOG] [Fast Refresh] done in 161ms @ http://localhost:3000/_next/static/chunks/node_modules_next_dist_f3530cac._.js:2297
[   56195ms] [LOG] [Fast Refresh] rebuilding @ http://localhost:3000/_next/static/chunks/node_modules_next_dist_f3530cac._.js:2297
[   56261ms] [LOG] [Fast Refresh] done in 136ms @ http://localhost:3000/_next/static/chunks/node_modules_next_dist_f3530cac._.js:2297
[   56273ms] [WARNING] Image with src "https://images.unsplash.com/photo-1612349317150-e413f6a5b16d?w=700&q=80&auto=format&fit=crop&crop=top" has either width or height modified, but not the other. If you use CSS to change the size of your image, also include the styles 'width: "auto"' or 'height: "auto"' to maintain the aspect ratio. @ http://localhost:3000/_next/static/chunks/node_modules_next_dist_f3530cac._.js:2297
