[     115ms] [LOG] [Fast Refresh] rebuilding @ http://localhost:3000/_next/static/chunks/node_modules_next_dist_f3530cac._.js:2297
[     172ms] [LOG] [Fast Refresh] done in 157ms @ http://localhost:3000/_next/static/chunks/node_modules_next_dist_f3530cac._.js:2297
[     273ms] [LOG] [Fast Refresh] rebuilding @ http://localhost:3000/_next/static/chunks/node_modules_next_dist_f3530cac._.js:2297
[     451ms] [LOG] [Fast Refresh] done in 279ms @ http://localhost:3000/_next/static/chunks/node_modules_next_dist_f3530cac._.js:2297
[     546ms] [INFO] %cDownload the React DevTools for a better development experience: https://react.dev/link/react-devtools font-weight:bold @ http://localhost:3000/_next/static/chunks/node_modules_next_dist_f3530cac._.js:2297
[     586ms] [LOG] [HMR] connected @ http://localhost:3000/_next/static/chunks/node_modules_next_dist_f3530cac._.js:2297
[     844ms] [ERROR] A tree hydrated but some attributes of the server rendered HTML didn't match the client properties. This won't be patched up. This can happen if a SSR-ed Client Component used:

- A server/client branch `if (typeof window !== 'undefined')`.
- Variable input such as `Date.now()` or `Math.random()` which changes each time it's called.
- Date formatting in a user's locale which doesn't match the server.
- External changing data without sending a snapshot of it along with the HTML.
- Invalid HTML tag nesting.

It can also happen if the client has a browser extension installed which messes with the HTML before React loaded.

%s%s https://react.dev/link/hydration-mismatch 

  ...
    <ScrollAndFocusHandler segmentPath={[...]}>
      <InnerScrollAndFocusHandler segmentPath={[...]} focusAndScrollRef={{apply:false, ...}}>
        <ErrorBoundary errorComponent={undefined} errorStyles={undefined} errorScripts={undefined}>
          <LoadingBoundary name="/" loading={null}>
            <HTTPAccessFallbackBoundary notFound={<SegmentViewNode>} forbidden={undefined} unauthorized={undefined}>
              <HTTPAccessFallbackErrorBoundary pathname="/" notFound={<SegmentViewNode>} forbidden={undefined} ...>
                <RedirectBoundary>
                  <RedirectErrorBoundary router={{...}}>
                    <InnerLayoutRouter url="/" tree={[...]} params={{}} cacheNode={{rsc:<Fragment>, ...}} ...>
                      <SegmentViewNode type="page" pagePath="page.tsx">
                        <SegmentTrieNode>
                        <HomePage>
                          <main>
                            <PsikotesHero>
                            <LoadableComponent>
                              <PreloadChunks>
                              <LoadableComponent>
                                <PsikotesTransformationMap>
                                  <section
+                                   className="py-12 md:py-16 bg-gray-950 relative overflow-hidden"
-                                   className="py-12 md:py-16 bg-emerald-50/60 relative overflow-hidden"
                                  >
                                    <div
+                                     className="absolute top-0 left-1/4 w-96 h-96 bg-emerald-900/20 rounded-full blur..."
-                                     className="absolute top-0 left-1/4 w-96 h-96 bg-emerald-100/40 rounded-full blur..."
                                    >
                                    <div
+                                     className="absolute bottom-0 right-1/4 w-72 h-72 bg-amber-900/10 rounded-full bl..."
-                                     className="absolute bottom-0 right-1/4 w-72 h-72 bg-amber-100/30 rounded-full bl..."
                                    >
                                    <div className="max-w-7xl ...">
                                      <div
+                                       className="bg-gray-900 rounded-[3rem] p-8 md:p-12 border border-gray-800 relat..."
-                                       className="bg-white/80 rounded-[3rem] p-8 md:p-12 shadow-lg shadow-emerald-100..."
                                      >
                                        <div
+                                         className="absolute top-0 right-0 w-64 h-64 bg-gradient-to-bl from-emerald-9..."
-                                         className="absolute top-0 right-0 w-64 h-64 bg-gradient-to-bl from-emerald-5..."
                                        >
                                        <div
+                                         className="absolute bottom-0 left-0 w-48 h-48 bg-gradient-to-tr from-amber-9..."
-                                         className="absolute bottom-0 left-0 w-48 h-48 bg-gradient-to-tr from-amber-5..."
                                        >
                                        <div className="relative z...">
                                          <div className="lg:col-spa...">
                                            <div
+                                             className="inline-flex items-center gap-2 px-3 py-1 rounded-full bg-emer..."
-                                             className="inline-flex items-center gap-2 px-3 py-1 rounded-full bg-emer..."
                                            >
                                              <Sparkles className="w-3 h-3 te...">
                                                <svg
                                                  ref={null}
                                                  xmlns="http://www.w3.org/2000/svg"
                                                  width={24}
                                                  height={24}
                                                  viewBox="0 0 24 24"
                                                  fill="none"
                                                  stroke="currentColor"
                                                  strokeWidth={2}
                                                  strokeLinecap="round"
                                                  strokeLinejoin="round"
+                                                 className="lucide lucide-sparkles w-3 h-3 text-emerald-400 fill-emer..."
-                                                 className="lucide lucide-sparkles w-3 h-3 text-emerald-500 fill-emer..."
                                                  aria-hidden="true"
                                                >
                                              <span
+                                               className="text-xs font-black text-emerald-400 uppercase tracking-widest"
-                                               className="text-xs font-black text-emerald-700 uppercase tracking-widest"
                                              >
+                                               Transformation Journey
                                            <h2
+                                             className="text-3xl font-black text-white tracking-tight leading-tight"
-                                             className="text-3xl font-black text-gray-900 tracking-tight leading-tight"
                                            >
                                              <br>
                                              <span
+                                               className="text-emerald-400 italic"
-                                               className="text-emerald-500 italic"
                                              >
+                                               {"\"The New You\""}
                                            <p
+                                             className="text-gray-400 text-sm font-medium leading-relaxed"
-                                             className="text-gray-500 text-sm font-medium leading-relaxed"
                                            >
+                                             Empat langkah kunci untuk melepaskan kendala masa lalu dan meraih masa de...
                                            <div className="flex items...">
                                              <div className="flex -spac...">
                                                <div
+                                                 className="w-8 h-8 rounded-full border-2 border-gray-800 bg-emerald-..."
-                                                 className="w-8 h-8 rounded-full border-2 border-white bg-emerald-100..."
                                                >
+                                                 1
                                                <div
+                                                 className="w-8 h-8 rounded-full border-2 border-gray-800 bg-emerald-..."
-                                                 className="w-8 h-8 rounded-full border-2 border-white bg-emerald-100..."
                                                >
+                                                 2
                                                <div
+                                                 className="w-8 h-8 rounded-full border-2 border-gray-800 bg-emerald-..."
-                                                 className="w-8 h-8 rounded-full border-2 border-white bg-emerald-100..."
                                                >
+                                                 3
                                              <span
+                                               className="text-xs font-black text-gray-500 uppercase tracking-widest"
-                                               className="text-xs font-black text-gray-400 uppercase tracking-widest"
                                              >
+                                               +10k Jiwa yang Tumbuh
                                          <div className="lg:col-spa...">
                                            <div
+                                             className="bg-gray-800/60 border border-gray-700/50 p-6 rounded-[2rem] h..."
-                                             className="bg-gray-50 border border-gray-100 p-6 rounded-[2rem] hover:bg..."
                                            >
                                              <div className="flex gap-4...">
                                                <div>
                                                <div className="space-y-1">
                                                  <h4
+                                                   className="font-black text-white text-base tracking-tight"
-                                                   className="font-black text-gray-800 text-base tracking-tight"
                                                  >
+                                                   Pemetaan Diri
                                                  <p
+                                                   className="text-sm text-gray-400 font-medium leading-relaxed"
-                                                   className="text-sm text-gray-500 font-medium leading-relaxed"
                                                  >
+                                                   {"Mulai dengan assessment & psikotes profesional untuk memahami ..."}
                                              <span
+                                               className="absolute -right-2 -bottom-4 text-7xl font-black text-gray-7..."
-                                               className="absolute -right-2 -bottom-4 text-7xl font-black text-gray-1..."
                                              >
                                              <button
                                                onClick={function onClick}
+                                               className="mt-4 flex items-center gap-2 text-xs font-black text-emeral..."
-                                               className="mt-4 flex items-center gap-2 text-xs font-black text-emeral..."
                                              >
                                            <div
+                                             className="bg-gray-800/60 border border-gray-700/50 p-6 rounded-[2rem] h..."
-                                             className="bg-gray-50 border border-gray-100 p-6 rounded-[2rem] hover:bg..."
                                            >
                                              <div className="flex gap-4...">
                                                <div>
                                                <div className="space-y-1">
                                                  <h4
+                                                   className="font-black text-white text-base tracking-tight"
-                                                   className="font-black text-gray-800 text-base tracking-tight"
                                                  >
+                                                   {"Konsultasi & Layanan"}
                                                  <p
+                                                   className="text-sm text-gray-400 font-medium leading-relaxed"
-                                                   className="text-sm text-gray-500 font-medium leading-relaxed"
                                                  >
+                                                   Pahami langkah nyata yang harus diambil bersama para ahli.
                                              <span
+                                               className="absolute -right-2 -bottom-4 text-7xl font-black text-gray-7..."
-                                               className="absolute -right-2 -bottom-4 text-7xl font-black text-gray-1..."
                                              >
                                              <button
                                                onClick={function onClick}
+                                               className="mt-4 flex items-center gap-2 text-xs font-black text-emeral..."
-                                               className="mt-4 flex items-center gap-2 text-xs font-black text-emeral..."
                                              >
                                            <div
+                                             className="bg-gray-800/60 border border-gray-700/50 p-6 rounded-[2rem] h..."
-                                             className="bg-gray-50 border border-gray-100 p-6 rounded-[2rem] hover:bg..."
                                            >
                                              <div className="flex gap-4...">
                                                <div>
                                                <div className="space-y-1">
                                                  <h4
+                                                   className="font-black text-white text-base tracking-tight"
-                                                   className="font-black text-gray-800 text-base tracking-tight"
                                                  >
+                                                   Masa Depan
                                                  <p
+                                                   className="text-sm text-gray-400 font-medium leading-relaxed"
-                                                   className="text-sm text-gray-500 font-medium leading-relaxed"
                                                  >
+                                                   Ikuti program pengembangan untuk memperkuat mental health dan menin...
                                              <span
+                                               className="absolute -right-2 -bottom-4 text-7xl font-black text-gray-7..."
-                                               className="absolute -right-2 -bottom-4 text-7xl font-black text-gray-1..."
                                              >
                                              <button
                                                onClick={function onClick}
+                                               className="mt-4 flex items-center gap-2 text-xs font-black text-emeral..."
-                                               className="mt-4 flex items-center gap-2 text-xs font-black text-emeral..."
                                              >
                                            <div
+                                             className="bg-gray-800/60 border border-gray-700/50 p-6 rounded-[2rem] h..."
-                                             className="bg-gray-50 border border-gray-100 p-6 rounded-[2rem] hover:bg..."
                                            >
                                              <div className="flex gap-4...">
                                                <div>
                                                <div className="space-y-1">
                                                  <h4
+                                                   className="font-black text-white text-base tracking-tight"
-                                                   className="font-black text-gray-800 text-base tracking-tight"
                                                  >
+                                                   Bergabung Komunitas
                                                  <p
+                                                   className="text-sm text-gray-400 font-medium leading-relaxed"
-                                                   className="text-sm text-gray-500 font-medium leading-relaxed"
                                                  >
+                                                   Terhubung dengan komunitas dan praktisi yang saling mendukung dalam...
                                              <span
+                                               className="absolute -right-2 -bottom-4 text-7xl font-black text-gray-7..."
-                                               className="absolute -right-2 -bottom-4 text-7xl font-black text-gray-1..."
                                              >
                                              <button
                                                onClick={function onClick}
+                                               className="mt-4 flex items-center gap-2 text-xs font-black text-emeral..."
-                                               className="mt-4 flex items-center gap-2 text-xs font-black text-emeral..."
                                              >
                            <LoadableComponent>
                              <PreloadChunks>
                              <LoadableComponent>
                                <PsikotesStage>
                                  <section
                                    id="transformation-stages"
+                                   className="py-20 bg-gradient-to-b from-white to-emerald-50/30 relative overflow-hi..."
-                                   className="py-20 bg-gray-50 relative overflow-hidden"
                                  >
                                    <div
+                                     className="absolute top-20 right-0 w-80 h-80 bg-emerald-100/30 rounded-full blur..."
-                                     className="absolute top-20 right-0 w-80 h-80 bg-emerald-100/20 rounded-full blur..."
                                    >
                                    <div
+                                     className="absolute bottom-20 left-0 w-64 h-64 bg-amber-100/20 rounded-full blur..."
-                                     className="absolute bottom-20 left-0 w-64 h-64 bg-amber-100/15 rounded-full blur..."
                                    >
                                    ...
                            <LoadableComponent>
                              <PreloadChunks>
                              <LoadableComponent>
                                <PsikotesCategoryNav>
                                  <section
                                    id="pemetaan"
+                                   className="py-16 pb-12 relative overflow-hidden bg-gray-950"
-                                   className="py-16 pb-12 relative overflow-hidden bg-amber-50/40"
                                  >
                                    <div
+                                     className="absolute top-0 left-1/3 w-72 h-72 bg-emerald-900/20 rounded-full blur..."
-                                     className="absolute top-0 left-1/3 w-72 h-72 bg-emerald-100/30 rounded-full blur..."
                                    >
                                    <div
+                                     className="absolute bottom-0 right-1/4 w-56 h-56 bg-amber-900/10 rounded-full bl..."
-                                     className="absolute bottom-0 right-1/4 w-56 h-56 bg-amber-100/20 rounded-full bl..."
                                    >
                                    <div className="max-w-7xl ...">
                                      <div className="text-cente...">
                                        <div
+                                         className="inline-flex items-center gap-2 px-4 py-1.5 rounded-full bg-emeral..."
-                                         className="inline-flex items-center gap-2 px-4 py-1.5 rounded-full bg-emeral..."
                                        >
                                          <Target className="w-3.5 h-3....">
                                            <svg
                                              ref={null}
                                              xmlns="http://www.w3.org/2000/svg"
                                              width={24}
                                              height={24}
                                              viewBox="0 0 24 24"
                                              fill="none"
                                              stroke="currentColor"
                                              strokeWidth={2}
                                              strokeLinecap="round"
                                              strokeLinejoin="round"
+                                             className="lucide lucide-target w-3.5 h-3.5 text-emerald-400"
-                                             className="lucide lucide-target w-3.5 h-3.5 text-emerald-600"
                                              aria-hidden="true"
                                            >
                                          <span
+                                           className="text-xs font-black text-emerald-400 uppercase tracking-[0.2em]"
-                                           className="text-xs font-black text-emerald-700 uppercase tracking-[0.2em]"
                                          >
+                                           Pilih Titik Mulamu
                                        <h2
+                                         className="text-3xl md:text-5xl font-black text-white tracking-tight leading..."
-                                         className="text-3xl md:text-5xl font-black text-gray-900 tracking-tight lead..."
                                        >
                                          <span
+                                           className="text-emerald-400 italic"
-                                           className="text-emerald-500 italic"
                                          >
+                                           Melangkah?
                                        <p
+                                         className="text-gray-400 font-medium max-w-2xl mx-auto text-base md:text-lg ..."
-                                         className="text-gray-500 font-medium max-w-2xl mx-auto text-base md:text-lg ..."
                                        >
                                          <span
+                                           className="text-gray-200 font-bold italic"
-                                           className="text-gray-800 font-bold italic"
                                          >
+                                           {"\"The New You\""}
                                          ...
                                      <div className="flex justi...">
                                        <div
+                                         className="inline-flex flex-col md:flex-row items-stretch md:items-center p-..."
-                                         className="inline-flex flex-col md:flex-row items-stretch md:items-center p-..."
                                        >
                                          <button>
                                          <button
                                            onClick={function onClick}
+                                           className="flex items-center gap-3 px-5 py-3 rounded-xl transition-all dur..."
-                                           className="flex items-center gap-3 px-5 py-3 rounded-xl transition-all dur..."
                                          >
                                          <button
                                            onClick={function onClick}
+                                           className="flex items-center gap-3 px-5 py-3 rounded-xl transition-all dur..."
-                                           className="flex items-center gap-3 px-5 py-3 rounded-xl transition-all dur..."
                                          >
                                      <div
+                                       className="bg-gray-900 rounded-3xl border border-gray-700/50 overflow-hidden"
-                                       className="bg-white rounded-3xl shadow-xl shadow-gray-100/80 border border-gra..."
                                      >
                                        <div
+                                         className="hidden lg:grid grid-cols-12 border-b border-gray-700/50"
-                                         className="hidden lg:grid grid-cols-12 border-b border-gray-100"
                                        >
                                          <div
+                                           className="col-span-3 px-6 py-4 flex items-center gap-2 border-r border-gr..."
-                                           className="col-span-3 px-6 py-4 flex items-center gap-2 border-r border-gr..."
                                          >
                                            <Zap className="w-4 h-4 te...">
                                              <svg
                                                ref={null}
                                                xmlns="http://www.w3.org/2000/svg"
                                                width={24}
                                                height={24}
                                                viewBox="0 0 24 24"
                                                fill="none"
                                                stroke="currentColor"
                                                strokeWidth={2}
                                                strokeLinecap="round"
                                                strokeLinejoin="round"
+                                               className="lucide lucide-zap w-4 h-4 text-rose-400 fill-rose-400"
-                                               className="lucide lucide-zap w-4 h-4 text-rose-500 fill-rose-500"
                                                aria-hidden="true"
                                              >
                                            <span
+                                             className="text-xs font-black uppercase tracking-[0.15em] text-rose-400"
-                                             className="text-xs font-black uppercase tracking-[0.15em] text-rose-600"
                                            >
+                                             01. Masalah
                                          <div
+                                           className="col-span-3 px-6 py-4 flex items-center gap-2 border-r border-gr..."
-                                           className="col-span-3 px-6 py-4 flex items-center gap-2 border-r border-gr..."
                                          >
                                            <CircleCheck className="w-4 h-4 te...">
                                              <svg
                                                ref={null}
                                                xmlns="http://www.w3.org/2000/svg"
                                                width={24}
                                                height={24}
                                                viewBox="0 0 24 24"
                                                fill="none"
                                                stroke="currentColor"
                                                strokeWidth={2}
                                                strokeLinecap="round"
                                                strokeLinejoin="round"
+                                               className="lucide lucide-circle-check w-4 h-4 text-emerald-400"
-                                               className="lucide lucide-circle-check w-4 h-4 text-emerald-500"
                                                aria-hidden="true"
                                              >
                                            <span
+                                             className="text-xs font-black uppercase tracking-[0.15em] text-emerald-400"
-                                             className="text-xs font-black uppercase tracking-[0.15em] text-emerald-600"
                                            >
+                                             02. Solusi
                                          <div
+                                           className="col-span-3 px-6 py-4 flex items-center gap-2 border-r border-gr..."
-                                           className="col-span-3 px-6 py-4 flex items-center gap-2 border-r border-gr..."
                                          >
                                            <TrendingUp className="w-4 h-4 te...">
                                              <svg
                                                ref={null}
                                                xmlns="http://www.w3.org/2000/svg"
                                                width={24}
                                                height={24}
                                                viewBox="0 0 24 24"
                                                fill="none"
                                                stroke="currentColor"
                                                strokeWidth={2}
                                                strokeLinecap="round"
                                                strokeLinejoin="round"
+                                               className="lucide lucide-trending-up w-4 h-4 text-amber-400"
-                                               className="lucide lucide-trending-up w-4 h-4 text-amber-500"
                                                aria-hidden="true"
                                              >
                                            <span
+                                             className="text-xs font-black uppercase tracking-[0.15em] text-amber-400"
-                                             className="text-xs font-black uppercase tracking-[0.15em] text-amber-600"
                                            >
+                                             03. Apa yang kamu dapatkan
                                          <div
+                                           className="col-span-3 px-6 py-4 flex items-center gap-2 bg-teal-900/20"
-                                           className="col-span-3 px-6 py-4 flex items-center gap-2 bg-teal-50/50"
                                          >
                                            <Box className="w-4 h-4 te...">
                                              <svg
                                                ref={null}
                                                xmlns="http://www.w3.org/2000/svg"
                                                width={24}
                                                height={24}
                                                viewBox="0 0 24 24"
                                                fill="none"
                                                stroke="currentColor"
                                                strokeWidth={2}
                                                strokeLinecap="round"
                                                strokeLinejoin="round"
+                                               className="lucide lucide-box w-4 h-4 text-teal-400"
-                                               className="lucide lucide-box w-4 h-4 text-teal-600"
                                                aria-hidden="true"
                                              >
                                            <span
+                                             className="text-xs font-black uppercase tracking-[0.15em] text-teal-400"
-                                             className="text-xs font-black uppercase tracking-[0.15em] text-teal-600"
                                            >
+                                             04. Prioritas kamu
                                        <div className="grid grid-...">
                                          <div>
                                          <div>
                                          <div>
                                          <div
+                                           className="col-span-1 lg:col-span-3 bg-rose-900/10 p-6 lg:p-8 border-r bor..."
-                                           className="col-span-1 lg:col-span-3 bg-rose-50/30 p-6 lg:p-8 border-r bord..."
                                          >
                                            <div className="lg:hidden ...">
                                              <Zap className="w-3 h-3 te...">
                                                <svg
                                                  ref={null}
                                                  xmlns="http://www.w3.org/2000/svg"
                                                  width={24}
                                                  height={24}
                                                  viewBox="0 0 24 24"
                                                  fill="none"
                                                  stroke="currentColor"
                                                  strokeWidth={2}
                                                  strokeLinecap="round"
                                                  strokeLinejoin="round"
+                                                 className="lucide lucide-zap w-3 h-3 text-rose-400"
-                                                 className="lucide lucide-zap w-3 h-3 text-rose-500"
                                                  aria-hidden="true"
                                                >
                                              <span
+                                               className="text-[10px] font-black uppercase tracking-widest text-gray-500"
-                                               className="text-[10px] font-black uppercase tracking-widest text-gray-400"
                                              >
+                                               Pilih Masalahmu
                                            <button
                                              onClick={function onClick}
+                                             className="w-full text-left px-4 py-3 rounded-xl transition-all duration..."
-                                             className="w-full text-left px-4 py-3 rounded-xl transition-all duration..."
                                            >
                                              <span>
                                              <span
+                                               className="text-[12px] font-semibold leading-snug transition-colors te..."
-                                               className="text-[12px] font-semibold leading-snug transition-colors te..."
                                              >
+                                               {"Luka Batin & Trauma Masa Lalu: Masihkah Mengganggu Hidupmu?"}
                                            <button
                                              onClick={function onClick}
+                                             className="w-full text-left px-4 py-3 rounded-xl transition-all duration..."
-                                             className="w-full text-left px-4 py-3 rounded-xl transition-all duration..."
                                            >
                                              <span
+                                               className="text-base font-black italic shrink-0 w-7 transition-colors ..."
-                                               className="text-base font-black italic shrink-0 w-7 transition-colors ..."
                                              >
+                                               02
                                              <span
+                                               className="text-[12px] font-semibold leading-snug transition-colors te..."
-                                               className="text-[12px] font-semibold leading-snug transition-colors te..."
                                              >
+                                               {"Anxiety, Depresi & Burnout Check: Kamu Capek Biasa atau Sudah Over..."}
                                            <button
                                              onClick={function onClick}
+                                             className="w-full text-left px-4 py-3 rounded-xl transition-all duration..."
-                                             className="w-full text-left px-4 py-3 rounded-xl transition-all duration..."
                                            >
                                              <span
+                                               className="text-base font-black italic shrink-0 w-7 transition-colors ..."
-                                               className="text-base font-black italic shrink-0 w-7 transition-colors ..."
                                              >
+                                               03
                                              <span
+                                               className="text-[12px] font-semibold leading-snug transition-colors te..."
-                                               className="text-[12px] font-semibold leading-snug transition-colors te..."
                                              >
+                                               {"Citra Diri & Tingkat Pede Check : Kenapa Aku Nggak Pernah Merasa D..."}
                                            <button
                                              onClick={function onClick}
+                                             className="w-full text-left px-4 py-3 rounded-xl transition-all duration..."
-                                             className="w-full text-left px-4 py-3 rounded-xl transition-all duration..."
                                            >
                                              <span
+                                               className="text-base font-black italic shrink-0 w-7 transition-colors ..."
-                                               className="text-base font-black italic shrink-0 w-7 transition-colors ..."
                                              >
+                                               04
                                              <span
+                                               className="text-[12px] font-semibold leading-snug transition-colors te..."
-                                               className="text-[12px] font-semibold leading-snug transition-colors te..."
                                              >
+                                               {"Quarter-life Crisis & Perbandingan Sosial : Kenapa Aku Merasa Tert..."}
                                            <button
                                              onClick={function onClick}
+                                             className="w-full text-left px-4 py-3 rounded-xl transition-all duration..."
-                                             className="w-full text-left px-4 py-3 rounded-xl transition-all duration..."
                                            >
                                              <span
+                                               className="text-base font-black italic shrink-0 w-7 transition-colors ..."
-                                               className="text-base font-black italic shrink-0 w-7 transition-colors ..."
                                              >
+                                               05
                                              <span
+                                               className="text-[12px] font-semibold leading-snug transition-colors te..."
-                                               className="text-[12px] font-semibold leading-snug transition-colors te..."
                                              >
+                                               {"Tes IQ, Bakat Minat & Perencanaan Karier"}
                                            <button
                                              onClick={function onClick}
+                                             className="w-full text-left px-4 py-3 rounded-xl transition-all duration..."
-                                             className="w-full text-left px-4 py-3 rounded-xl transition-all duration..."
                                            >
                                              <span
+                                               className="text-base font-black italic shrink-0 w-7 transition-colors ..."
-                                               className="text-base font-black italic shrink-0 w-7 transition-colors ..."
                                              >
+                                               06
                                              <span
+                                               className="text-[12px] font-semibold leading-snug transition-colors te..."
-                                               className="text-[12px] font-semibold leading-snug transition-colors te..."
                                              >
+                                               {"Simulasi Lolos Test PNS, Management Trainee & Recruitment BUMN"}
                                          <div
+                                           className="col-span-1 lg:col-span-3 p-6 lg:p-8 border-r border-gray-700/50..."
-                                           className="col-span-1 lg:col-span-3 p-6 lg:p-8 border-r border-gray-100 fl..."
                                          >
                                            <CircleCheck>
                                            <div className="lg:hidden ...">
                                              <CircleCheck className="w-3 h-3 te...">
                                                <svg
                                                  ref={null}
                                                  xmlns="http://www.w3.org/2000/svg"
                                                  width={24}
                                                  height={24}
                                                  viewBox="0 0 24 24"
                                                  fill="none"
                                                  stroke="currentColor"
                                                  strokeWidth={2}
                                                  strokeLinecap="round"
                                                  strokeLinejoin="round"
+                                                 className="lucide lucide-circle-check w-3 h-3 text-emerald-400"
-                                                 className="lucide lucide-circle-check w-3 h-3 text-emerald-500"
                                                  aria-hidden="true"
                                                >
                                              <span
+                                               className="text-[10px] font-black uppercase tracking-widest text-gray-500"
-                                               className="text-[10px] font-black uppercase tracking-widest text-gray-400"
                                              >
+                                               Solusi:
                                            <ol className="relative z...">
                                              <li className="flex gap-2.5">
                                                <span
+                                                 className="shrink-0 w-5 h-5 rounded-full bg-emerald-800 text-emerald..."
-                                                 className="shrink-0 w-5 h-5 rounded-full bg-emerald-100 text-emerald..."
                                                >
+                                                 1
                                                <div className="min-w-0 fl...">
                                                  <p
+                                                   className="font-black text-gray-200 text-xs leading-tight"
-                                                   className="font-black text-gray-800 text-xs leading-tight"
                                                  >
+                                                   Self-Assessment Awal
                                                  ...
                                              <li className="flex gap-2.5">
                                                <span
+                                                 className="shrink-0 w-5 h-5 rounded-full bg-emerald-800 text-emerald..."
-                                                 className="shrink-0 w-5 h-5 rounded-full bg-emerald-100 text-emerald..."
                                                >
+                                                 2
                                                <div className="min-w-0 fl...">
                                                  <p
+                                                   className="font-black text-gray-200 text-xs leading-tight"
-                                                   className="font-black text-gray-800 text-xs leading-tight"
                                                  >
+                                                   Analisis Psikologis
                                                  ...
                                              <li className="flex gap-2.5">
                                                <span
+                                                 className="shrink-0 w-5 h-5 rounded-full bg-emerald-800 text-emerald..."
-                                                 className="shrink-0 w-5 h-5 rounded-full bg-emerald-100 text-emerald..."
                                                >
+                                                 3
                                                <div className="min-w-0 fl...">
                                                  <p
+                                                   className="font-black text-gray-200 text-xs leading-tight"
-                                                   className="font-black text-gray-800 text-xs leading-tight"
                                                  >
+                                                   Konsultasi Mendalam
                                                  ...
                                              <li className="flex gap-2.5">
                                                <span
+                                                 className="shrink-0 w-5 h-5 rounded-full bg-emerald-800 text-emerald..."
-                                                 className="shrink-0 w-5 h-5 rounded-full bg-emerald-100 text-emerald..."
                                                >
+                                                 4
                                                <div className="min-w-0 fl...">
                                                  <p
+                                                   className="font-black text-gray-200 text-xs leading-tight"
-                                                   className="font-black text-gray-800 text-xs leading-tight"
                                                  >
+                                                   {"Intervensi & Healing"}
                                                  ...
                                              <li className="flex gap-2.5">
                                                <span
+                                                 className="shrink-0 w-5 h-5 rounded-full bg-emerald-800 text-emerald..."
-                                                 className="shrink-0 w-5 h-5 rounded-full bg-emerald-100 text-emerald..."
                                                >
+                                                 5
                                                <div className="min-w-0 fl...">
                                                  <p
+                                                   className="font-black text-gray-200 text-xs leading-tight"
-                                                   className="font-black text-gray-800 text-xs leading-tight"
                                                  >
+                                                   Pembentukan Pola Baru
                                                  ...
                                              <li className="flex gap-2.5">
                                                <span
+                                                 className="shrink-0 w-5 h-5 rounded-full bg-emerald-800 text-emerald..."
-                                                 className="shrink-0 w-5 h-5 rounded-full bg-emerald-100 text-emerald..."
                                                >
+                                                 6
                                                <div className="min-w-0 fl...">
                                                  <p
+                                                   className="font-black text-gray-200 text-xs leading-tight"
-                                                   className="font-black text-gray-800 text-xs leading-tight"
                                                  >
+                                                   {"Follow Up & Monitoring"}
                                                  ...
                                          <div
+                                           className="col-span-1 lg:col-span-3 p-6 lg:p-8 border-r border-gray-700/50..."
-                                           className="col-span-1 lg:col-span-3 p-6 lg:p-8 border-r border-gray-100 fl..."
                                          >
                                            <TrendingUp className="absolute -...">
                                              <svg
                                                ref={null}
                                                xmlns="http://www.w3.org/2000/svg"
                                                width={24}
                                                height={24}
                                                viewBox="0 0 24 24"
                                                fill="none"
                                                stroke="currentColor"
                                                strokeWidth={2}
                                                strokeLinecap="round"
                                                strokeLinejoin="round"
+                                               className="lucide lucide-trending-up absolute -right-4 -bottom-4 w-24 ..."
-                                               className="lucide lucide-trending-up absolute -right-4 -bottom-4 w-24 ..."
                                                aria-hidden="true"
                                              >
                                            <div className="lg:hidden ...">
                                              <TrendingUp className="w-3 h-3 te...">
                                                <svg
                                                  ref={null}
                                                  xmlns="http://www.w3.org/2000/svg"
                                                  width={24}
                                                  height={24}
                                                  viewBox="0 0 24 24"
                                                  fill="none"
                                                  stroke="currentColor"
                                                  strokeWidth={2}
                                                  strokeLinecap="round"
                                                  strokeLinejoin="round"
+                                                 className="lucide lucide-trending-up w-3 h-3 text-amber-400"
-                                                 className="lucide lucide-trending-up w-3 h-3 text-amber-500"
                                                  aria-hidden="true"
                                                >
                                              <span
+                                               className="text-[10px] font-black uppercase tracking-widest text-gray-500"
-                                               className="text-[10px] font-black uppercase tracking-widest text-gray-400"
                                              >
+                                               Target:
                                            <div className="relative z...">
                                              <div>
                                                <p
+                                                 className="text-[10px] font-black uppercase tracking-widest text-ros..."
-                                                 className="text-[10px] font-black uppercase tracking-widest text-ros..."
                                                >
+                                                 Sebelum
                                                ...
                                              <div
+                                               className="border-t border-gray-700 pt-2.5"
-                                               className="border-t border-amber-100 pt-2.5"
                                              >
                                                <p
+                                                 className="text-[10px] font-black uppercase tracking-widest text-eme..."
-                                                 className="text-[10px] font-black uppercase tracking-widest text-eme..."
                                                >
+                                                 Sesudah
                                                <ul className="space-y-1">
                                                  <li
+                                                   className="text-[11px] text-gray-300 leading-snug flex gap-1.5 fon..."
-                                                   className="text-[11px] text-gray-700 leading-snug flex gap-1.5 fon..."
                                                  >
                                                    <span
+                                                     className="text-emerald-400 shrink-0"
-                                                     className="text-emerald-500 shrink-0"
                                                    >
+                                                     ✓
                                                    ...
                                                  <li
+                                                   className="text-[11px] text-gray-300 leading-snug flex gap-1.5 fon..."
-                                                   className="text-[11px] text-gray-700 leading-snug flex gap-1.5 fon..."
                                                  >
                                                    <span
+                                                     className="text-emerald-400 shrink-0"
-                                                     className="text-emerald-500 shrink-0"
                                                    >
+                                                     ✓
                                                    ...
                                                  <li
+                                                   className="text-[11px] text-gray-300 leading-snug flex gap-1.5 fon..."
-                                                   className="text-[11px] text-gray-700 leading-snug flex gap-1.5 fon..."
                                                  >
                                                    <span
+                                                     className="text-emerald-400 shrink-0"
-                                                     className="text-emerald-500 shrink-0"
                                                    >
+                                                     ✓
                                                    ...
                                                  <li
+                                                   className="text-[11px] text-gray-300 leading-snug flex gap-1.5 fon..."
-                                                   className="text-[11px] text-gray-700 leading-snug flex gap-1.5 fon..."
                                                  >
                                                    <span
+                                                     className="text-emerald-400 shrink-0"
-                                                     className="text-emerald-500 shrink-0"
                                                    >
+                                                     ✓
                                                    ...
                                                  <li
+                                                   className="text-[11px] text-gray-300 leading-snug flex gap-1.5 fon..."
-                                                   className="text-[11px] text-gray-700 leading-snug flex gap-1.5 fon..."
                                                  >
                                                    <span
+                                                     className="text-emerald-400 shrink-0"
-                                                     className="text-emerald-500 shrink-0"
                                                    >
+                                                     ✓
                                                    ...
                                                  <li
+                                                   className="text-[11px] text-gray-300 leading-snug flex gap-1.5 fon..."
-                                                   className="text-[11px] text-gray-700 leading-snug flex gap-1.5 fon..."
                                                  >
                                                    <span
+                                                     className="text-emerald-400 shrink-0"
-                                                     className="text-emerald-500 shrink-0"
                                                    >
+                                                     ✓
                                                    ...
                                          <div
+                                           className="col-span-1 lg:col-span-3 p-8 lg:p-10 bg-gradient-to-br from-eme..."
-                                           className="col-span-1 lg:col-span-3 p-8 lg:p-10 bg-gradient-to-br from-eme..."
                                          >
                                      <div className="mt-14 text...">
                                        <p
+                                         className="text-gray-600 text-xs font-black uppercase tracking-[0.5em]"
-                                         className="text-gray-400 text-xs font-black uppercase tracking-[0.5em]"
                                        >
+                                         Titik mula perjalananmu untuk tumbuh dan menemukan kembali dirimu.
                            <LoadableComponent>
                              <PreloadChunks>
                              <LoadableComponent>
                                <PsikotesProducts>
                                  <section
                                    id="masa-depan"
+                                   className="py-12 md:py-16 bg-gradient-to-b from-white to-emerald-50/30 relative ov..."
-                                   className="py-12 md:py-16 bg-white relative overflow-hidden"
                                  >
                                    <div className="max-w-7xl ...">
                                      <div>
                                      <div className="grid grid-...">
                                        <ProductCardNew>
                                        <ProductCardNew product={{id:"dp-anx...", ...}}>
                                          <div className="group bg-w...">
                                            <div>
                                            <div className="flex flex-...">
                                              <div className="flex items...">
                                                <div
+                                                 className="w-11 h-11 rounded-2xl flex items-center justify-center sh..."
-                                                 className="w-11 h-11 rounded-2xl flex items-center justify-center sh..."
                                                >
                                              ...
                                        <ProductCardNew product={{id:"dp-cit...", ...}}>
                                          <div className="group bg-w...">
                                            <div>
                                            <div className="flex flex-...">
                                              <div className="flex items...">
                                                <div
+                                                 className="w-11 h-11 rounded-2xl flex items-center justify-center sh..."
-                                                 className="w-11 h-11 rounded-2xl flex items-center justify-center sh..."
                                                >
                                              ...
                                        <ProductCardNew product={{id:"dp-qua...", ...}}>
                                          <div className="group bg-w...">
                                            <div>
                                            <div className="flex flex-...">
                                              <div className="flex items...">
                                                <div
+                                                 className="w-11 h-11 rounded-2xl flex items-center justify-center sh..."
-                                                 className="w-11 h-11 rounded-2xl flex items-center justify-center sh..."
                                                >
                                              ...
                                        <ProductCardNew product={{id:"dp-iq-...", ...}}>
                                          <div className="group bg-w...">
                                            <div>
                                            <div className="flex flex-...">
                                              <div className="flex items...">
                                                <div
+                                                 className="w-11 h-11 rounded-2xl flex items-center justify-center sh..."
-                                                 className="w-11 h-11 rounded-2xl flex items-center justify-center sh..."
                                                >
                                              ...
                                        <ProductCardNew product={{id:"dp-sim...", ...}}>
                                          <div className="group bg-w...">
                                            <div>
                                            <div className="flex flex-...">
                                              <div className="flex items...">
                                                <div
+                                                 className="w-11 h-11 rounded-2xl flex items-center justify-center sh..."
-                                                 className="w-11 h-11 rounded-2xl flex items-center justify-center sh..."
                                                >
                                              ...
                                      ...
                      ...
                    ...
        ...
 @ http://localhost:3000/_next/static/chunks/node_modules_next_dist_f3530cac._.js:3127
[     877ms] [LOG] [Fast Refresh] rebuilding @ http://localhost:3000/_next/static/chunks/node_modules_next_dist_f3530cac._.js:2297
[     943ms] [LOG] [Fast Refresh] done in 179ms @ http://localhost:3000/_next/static/chunks/node_modules_next_dist_f3530cac._.js:2297
[   49966ms] [LOG] [Fast Refresh] rebuilding @ http://localhost:3000/_next/static/chunks/node_modules_next_dist_f3530cac._.js:2297
[   49970ms] [LOG] [Fast Refresh] done in 104ms @ http://localhost:3000/_next/static/chunks/node_modules_next_dist_f3530cac._.js:2297
[   50102ms] [INFO] %cDownload the React DevTools for a better development experience: https://react.dev/link/react-devtools font-weight:bold @ http://localhost:3000/_next/static/chunks/node_modules_next_dist_f3530cac._.js:2297
[   50153ms] [LOG] [HMR] connected @ http://localhost:3000/_next/static/chunks/node_modules_next_dist_f3530cac._.js:2297
[   50313ms] [ERROR] A tree hydrated but some attributes of the server rendered HTML didn't match the client properties. This won't be patched up. This can happen if a SSR-ed Client Component used:

- A server/client branch `if (typeof window !== 'undefined')`.
- Variable input such as `Date.now()` or `Math.random()` which changes each time it's called.
- Date formatting in a user's locale which doesn't match the server.
- External changing data without sending a snapshot of it along with the HTML.
- Invalid HTML tag nesting.

It can also happen if the client has a browser extension installed which messes with the HTML before React loaded.

%s%s https://react.dev/link/hydration-mismatch 

  ...
    <RedirectErrorBoundary router={{...}}>
      <InnerLayoutRouter url="/" tree={[...]} params={{}} cacheNode={{rsc:<Fragment>, ...}} segmentPath={[...]} ...>
        <SegmentViewNode type="page" pagePath="page.tsx">
          <SegmentTrieNode>
          <HomePage>
            <main>
              <PsikotesHero>
              <PreloadChunks>
              <PsikotesTransformationMap>
              <PreloadChunks>
              <PsikotesStage>
              <PreloadChunks>
              <PsikotesCategoryNav>
              <LoadableComponent>
                <PreloadChunks>
                <LoadableComponent>
                  <PsikotesProducts>
                    <section id="masa-depan" className="py-12 md:p...">
                      <div className="max-w-7xl ...">
                        <div>
                        <div className="grid grid-...">
                          <ProductCardNew>
                          <ProductCardNew product={{id:"dp-anx...", ...}}>
                            <div className="group bg-w...">
                              <div>
                              <div className="flex flex-...">
                                <div className="flex items...">
                                  <div
+                                   className="w-11 h-11 rounded-2xl flex items-center justify-center shrink-0 bg-ambe..."
-                                   className="w-11 h-11 rounded-2xl flex items-center justify-center shrink-0 bg-rose..."
                                  >
                                ...
                          <ProductCardNew product={{id:"dp-cit...", ...}}>
                            <div className="group bg-w...">
                              <div>
                              <div className="flex flex-...">
                                <div className="flex items...">
                                  <div
+                                   className="w-11 h-11 rounded-2xl flex items-center justify-center shrink-0 bg-teal..."
-                                   className="w-11 h-11 rounded-2xl flex items-center justify-center shrink-0 bg-ambe..."
                                  >
                                ...
                          <ProductCardNew product={{id:"dp-qua...", ...}}>
                            <div className="group bg-w...">
                              <div>
                              <div className="flex flex-...">
                                <div className="flex items...">
                                  <div
+                                   className="w-11 h-11 rounded-2xl flex items-center justify-center shrink-0 bg-emer..."
-                                   className="w-11 h-11 rounded-2xl flex items-center justify-center shrink-0 bg-indi..."
                                  >
                                ...
                          <ProductCardNew product={{id:"dp-iq-...", ...}}>
                            <div className="group bg-w...">
                              <div>
                              <div className="flex flex-...">
                                <div className="flex items...">
                                  <div
+                                   className="w-11 h-11 rounded-2xl flex items-center justify-center shrink-0 bg-ambe..."
-                                   className="w-11 h-11 rounded-2xl flex items-center justify-center shrink-0 bg-teal..."
                                  >
                                ...
                          <ProductCardNew product={{id:"dp-sim...", ...}}>
                            <div className="group bg-w...">
                              <div>
                              <div className="flex flex-...">
                                <div className="flex items...">
                                  <div
+                                   className="w-11 h-11 rounded-2xl flex items-center justify-center shrink-0 bg-teal..."
-                                   className="w-11 h-11 rounded-2xl flex items-center justify-center shrink-0 bg-viol..."
                                  >
                                ...
                        ...
        ...
      ...
 @ http://localhost:3000/_next/static/chunks/node_modules_next_dist_f3530cac._.js:3127
[   60266ms] [LOG] [Fast Refresh] rebuilding @ http://localhost:3000/_next/static/chunks/node_modules_next_dist_f3530cac._.js:2297
[   60343ms] [LOG] [Fast Refresh] done in 176ms @ http://localhost:3000/_next/static/chunks/node_modules_next_dist_f3530cac._.js:2297
[  369915ms] [LOG] [Fast Refresh] rebuilding @ http://localhost:3000/_next/static/chunks/node_modules_next_dist_f3530cac._.js:2297
[  370194ms] [LOG] [Fast Refresh] done in 327ms @ http://localhost:3000/_next/static/chunks/node_modules_next_dist_f3530cac._.js:2297
