[     402ms] [INFO] %cDownload the React DevTools for a better development experience: https://react.dev/link/react-devtools font-weight:bold @ http://localhost:3000/_next/static/chunks/node_modules_next_dist_f3530cac._.js:2297
[     470ms] [LOG] [HMR] connected @ http://localhost:3000/_next/static/chunks/node_modules_next_dist_f3530cac._.js:2297
[     618ms] [LOG] [Fast Refresh] rebuilding @ http://localhost:3000/_next/static/chunks/node_modules_next_dist_f3530cac._.js:2297
[     739ms] [ERROR] A tree hydrated but some attributes of the server rendered HTML didn't match the client properties. This won't be patched up. This can happen if a SSR-ed Client Component used:

- A server/client branch `if (typeof window !== 'undefined')`.
- Variable input such as `Date.now()` or `Math.random()` which changes each time it's called.
- Date formatting in a user's locale which doesn't match the server.
- External changing data without sending a snapshot of it along with the HTML.
- Invalid HTML tag nesting.

It can also happen if the client has a browser extension installed which messes with the HTML before React loaded.

%s%s https://react.dev/link/hydration-mismatch 

  ...
    <RedirectErrorBoundary router={{...}}>
      <InnerLayoutRouter url="/" tree={[...]} params={{}} cacheNode={{rsc:<Fragment>, ...}} segmentPath={[...]} ...>
        <SegmentViewNode type="page" pagePath="page.tsx">
          <SegmentTrieNode>
          <HomePage>
            <main>
              <PsikotesHero>
                <section className="relative o...">
                  <div>
                  <div>
                  <div className="max-w-7xl ...">
                    <div className="grid grid-...">
                      <div>
                      <div className="relative">
                        <div>
                        <div className="relative b...">
                          <PsikotesDiagnostic>
                            <div className="w-full spa...">
                              <div className="flex items...">
                                <div>
                                <div>
                                  <p
+                                   className="text-xs font-black text-slate-800 uppercase tracking-widest"
-                                   className="text-xs font-black text-primary-900 uppercase tracking-widest"
                                  >
+                                   AI Counsellor
                                  <p
+                                   className="text-[11px] text-slate-400 font-medium"
-                                   className="text-[11px] text-primary-600/60 font-medium"
                                  >
+                                   Ceritakan masalahmu, kami mendengarkan
                              <div className="space-y-4">
                                <form
                                  onSubmit={function handleManualSubmit}
+                                 className="relative flex items-start transition-all duration-300 bg-slate-50 rounded..."
-                                 className="relative flex items-start transition-all duration-300 bg-primary-50 round..."
                                >
                                  <div
+                                   className="pl-3 pr-2 pt-3.5 text-slate-300"
-                                   className="pl-3 pr-2 pt-3.5 text-primary-400"
                                  >
                                  <textarea
                                    ref={{current:null}}
                                    rows={1}
                                    value=""
                                    onFocus={function onFocus}
                                    onBlur={function onBlur}
                                    onChange={function handleInputChange}
                                    onKeyDown={function onKeyDown}
                                    placeholder="Ceritakan kendala yang kamu rasakan..."
+                                   className="flex-1 min-h-[44px] py-3 bg-transparent border-none focus:outline-none ..."
-                                   className="flex-1 min-h-[44px] py-3 bg-transparent border-none focus:outline-none ..."
                                  >
                                  ...
                                <div
+                                 className="flex items-center gap-3 text-slate-300"
-                                 className="flex items-center gap-3 text-primary-400"
                                >
              ...
        ...
      ...
 @ http://localhost:3000/_next/static/chunks/node_modules_next_dist_f3530cac._.js:3127
[    1595ms] [LOG] [Fast Refresh] done in 1055ms @ http://localhost:3000/_next/static/chunks/node_modules_next_dist_f3530cac._.js:2297
[   67483ms] [INFO] %cDownload the React DevTools for a better development experience: https://react.dev/link/react-devtools font-weight:bold @ http://localhost:3000/_next/static/chunks/node_modules_next_dist_f3530cac._.js:2297
[   67564ms] [LOG] [HMR] connected @ http://localhost:3000/_next/static/chunks/node_modules_next_dist_f3530cac._.js:2297
[   91149ms] [LOG] [Fast Refresh] rebuilding @ http://localhost:3000/_next/static/chunks/node_modules_next_dist_f3530cac._.js:2297
[   91691ms] [LOG] [Fast Refresh] done in 613ms @ http://localhost:3000/_next/static/chunks/node_modules_next_dist_f3530cac._.js:2297
[  112849ms] [INFO] %cDownload the React DevTools for a better development experience: https://react.dev/link/react-devtools font-weight:bold @ http://localhost:3000/_next/static/chunks/node_modules_next_dist_f3530cac._.js:2297
[  112928ms] [LOG] [HMR] connected @ http://localhost:3000/_next/static/chunks/node_modules_next_dist_f3530cac._.js:2297
