[     110ms] [LOG] [Fast Refresh] rebuilding @ http://localhost:3000/_next/static/chunks/node_modules_next_dist_f3530cac._.js:2297
[     369ms] [LOG] [Fast Refresh] done in 359ms @ http://localhost:3000/_next/static/chunks/node_modules_next_dist_f3530cac._.js:2297
[     478ms] [INFO] %cDownload the React DevTools for a better development experience: https://react.dev/link/react-devtools font-weight:bold @ http://localhost:3000/_next/static/chunks/node_modules_next_dist_f3530cac._.js:2297
[     516ms] [LOG] [HMR] connected @ http://localhost:3000/_next/static/chunks/node_modules_next_dist_f3530cac._.js:2297
[     842ms] [LOG] [Fast Refresh] rebuilding @ http://localhost:3000/_next/static/chunks/node_modules_next_dist_f3530cac._.js:2297
[     869ms] [ERROR] A tree hydrated but some attributes of the server rendered HTML didn't match the client properties. This won't be patched up. This can happen if a SSR-ed Client Component used:

- A server/client branch `if (typeof window !== 'undefined')`.
- Variable input such as `Date.now()` or `Math.random()` which changes each time it's called.
- Date formatting in a user's locale which doesn't match the server.
- External changing data without sending a snapshot of it along with the HTML.
- Invalid HTML tag nesting.

It can also happen if the client has a browser extension installed which messes with the HTML before React loaded.

%s%s https://react.dev/link/hydration-mismatch 

  ...
    <HTTPAccessFallbackBoundary notFound={<SegmentViewNode>} forbidden={undefined} unauthorized={undefined}>
      <HTTPAccessFallbackErrorBoundary pathname="/" notFound={<SegmentViewNode>} forbidden={undefined} ...>
        <RedirectBoundary>
          <RedirectErrorBoundary router={{...}}>
            <InnerLayoutRouter url="/" tree={[...]} params={{}} cacheNode={{rsc:<Fragment>, ...}} segmentPath={[...]} ...>
              <SegmentViewNode type="page" pagePath="page.tsx">
                <SegmentTrieNode>
                <HomePage>
                  <main>
                    ...
                      <div className="w-full max...">
                        <PsikotesDiagnostic>
                          <div className="w-full spa...">
                            <div>
                            <div className="mx-auto fl...">
                              <form>
                              <div className="flex justi...">
                                <div>
                                <div>
                                <div className="flex items...">
                                  <div
+                                   className="w-1.5 h-1.5 rounded-full bg-emerald-400"
-                                   className="w-1.5 h-1.5 rounded-full bg-violet-400"
                                  >
                                  ...
                    <PreloadChunks>
                    <PsikotesTransformationMap>
                    ...
                      <div className="lg:col-spa...">
                        <div className="bg-white r...">
                          <div className="grid grid-...">
                            <div>
                            <div className="p-10 flex ...">
                              <div className="flex items...">
                                <div className="w-10 h-10 ...">
                                  <CircleCheck className="w-5 h-5 te...">
                                    <svg
                                      ref={null}
                                      xmlns="http://www.w3.org/2000/svg"
                                      width={24}
                                      height={24}
                                      viewBox="0 0 24 24"
                                      fill="none"
                                      stroke="currentColor"
                                      strokeWidth={2}
                                      strokeLinecap="round"
                                      strokeLinejoin="round"
+                                     className="lucide lucide-circle-check w-5 h-5 text-emerald-500"
-                                     className="lucide lucide-circle-check w-5 h-5 text-violet-500"
                                      aria-hidden="true"
                                    >
                                ...
                              <ul className="space-y-3 ...">
                                <li className="flex items...">
                                  <span
+                                   className="w-5 h-5 rounded-full flex items-center justify-center text-[10px] font-..."
-                                   className="w-5 h-5 rounded-full flex items-center justify-center text-[10px] font-..."
                                  >
+                                   1
                                  ...
                                <li className="flex items...">
                                  <span
+                                   className="w-5 h-5 rounded-full flex items-center justify-center text-[10px] font-..."
-                                   className="w-5 h-5 rounded-full flex items-center justify-center text-[10px] font-..."
                                  >
+                                   2
                                  ...
                                <li className="flex items...">
                                  <span
+                                   className="w-5 h-5 rounded-full flex items-center justify-center text-[10px] font-..."
-                                   className="w-5 h-5 rounded-full flex items-center justify-center text-[10px] font-..."
                                  >
+                                   3
                                  ...
                                <li className="flex items...">
                                  <span
+                                   className="w-5 h-5 rounded-full flex items-center justify-center text-[10px] font-..."
-                                   className="w-5 h-5 rounded-full flex items-center justify-center text-[10px] font-..."
                                  >
+                                   4
                                  ...
                            ...
                    <LoadableComponent>
                      <PreloadChunks>
                      <LoadableComponent>
                        <PsikotesCategoryNav>
                          <section id="pemetaan" className="py-16 pb-1...">
                            <div className="max-w-7xl ...">
                              <div>
                              <div>
                              <div className="bg-white r...">
                                <div className="hidden lg:...">
                                  <div>
                                  <div className="col-span-3...">
                                    <CircleCheck className="w-5 h-5 te...">
                                      <svg
                                        ref={null}
                                        xmlns="http://www.w3.org/2000/svg"
                                        width={24}
                                        height={24}
                                        viewBox="0 0 24 24"
                                        fill="none"
                                        stroke="currentColor"
                                        strokeWidth={2}
                                        strokeLinecap="round"
                                        strokeLinejoin="round"
+                                       className="lucide lucide-circle-check w-5 h-5 text-emerald-500"
-                                       className="lucide lucide-circle-check w-5 h-5 text-violet-500"
                                        aria-hidden="true"
                                      >
                                    <span
+                                     className="text-xs font-black uppercase tracking-[0.2em] text-emerald-600"
-                                     className="text-xs font-black uppercase tracking-[0.2em] text-violet-600"
                                    >
+                                     02. Solusi
                                  ...
                                <div className="grid grid-...">
                                  <div
+                                   className="hidden lg:flex absolute left-[25%] top-1/2 -translate-y-1/2 -translate-..."
-                                   className="hidden lg:flex absolute left-[25%] top-1/2 -translate-y-1/2 -translate-..."
                                  >
                                  <div>
                                  <div>
                                  <div>
                                  <div className="col-span-1...">
                                    <CircleCheck className="absolute -...">
                                      <svg
                                        ref={null}
                                        xmlns="http://www.w3.org/2000/svg"
                                        width={24}
                                        height={24}
                                        viewBox="0 0 24 24"
                                        fill="none"
                                        stroke="currentColor"
                                        strokeWidth={2}
                                        strokeLinecap="round"
                                        strokeLinejoin="round"
+                                       className="lucide lucide-circle-check absolute -right-6 -bottom-6 w-32 h-32 te..."
-                                       className="lucide lucide-circle-check absolute -right-6 -bottom-6 w-32 h-32 te..."
                                        aria-hidden="true"
                                      >
                                    <div className="lg:hidden ...">
                                      <CircleCheck className="w-3 h-3 te...">
                                        <svg
                                          ref={null}
                                          xmlns="http://www.w3.org/2000/svg"
                                          width={24}
                                          height={24}
                                          viewBox="0 0 24 24"
                                          fill="none"
                                          stroke="currentColor"
                                          strokeWidth={2}
                                          strokeLinecap="round"
                                          strokeLinejoin="round"
+                                         className="lucide lucide-circle-check w-3 h-3 text-emerald-500"
-                                         className="lucide lucide-circle-check w-3 h-3 text-violet-500"
                                          aria-hidden="true"
                                        >
                                      ...
                                    <ol className="relative z...">
                                      <li className="flex gap-2.5">
                                        <span
+                                         className="shrink-0 w-5 h-5 rounded-full bg-emerald-100 text-emerald-700 tex..."
-                                         className="shrink-0 w-5 h-5 rounded-full bg-violet-100 text-violet-700 text-..."
                                        >
+                                         1
                                        ...
                                      <li className="flex gap-2.5">
                                        <span
+                                         className="shrink-0 w-5 h-5 rounded-full bg-emerald-100 text-emerald-700 tex..."
-                                         className="shrink-0 w-5 h-5 rounded-full bg-violet-100 text-violet-700 text-..."
                                        >
+                                         2
                                        ...
                                      <li className="flex gap-2.5">
                                        <span
+                                         className="shrink-0 w-5 h-5 rounded-full bg-emerald-100 text-emerald-700 tex..."
-                                         className="shrink-0 w-5 h-5 rounded-full bg-violet-100 text-violet-700 text-..."
                                        >
+                                         3
                                        ...
                                      <li className="flex gap-2.5">
                                        <span
+                                         className="shrink-0 w-5 h-5 rounded-full bg-emerald-100 text-emerald-700 tex..."
-                                         className="shrink-0 w-5 h-5 rounded-full bg-violet-100 text-violet-700 text-..."
                                        >
+                                         4
                                        ...
                                      <li className="flex gap-2.5">
                                        <span
+                                         className="shrink-0 w-5 h-5 rounded-full bg-emerald-100 text-emerald-700 tex..."
-                                         className="shrink-0 w-5 h-5 rounded-full bg-violet-100 text-violet-700 text-..."
                                        >
+                                         5
                                        ...
                                      <li className="flex gap-2.5">
                                        <span
+                                         className="shrink-0 w-5 h-5 rounded-full bg-emerald-100 text-emerald-700 tex..."
-                                         className="shrink-0 w-5 h-5 rounded-full bg-violet-100 text-violet-700 text-..."
                                        >
+                                         6
                                        ...
                                  <div className="col-span-1...">
                                    <TrendingUp>
                                    <div>
                                    <div className="relative z...">
                                      <div>
                                      <div className="border-t b...">
                                        <p
+                                         className="text-[10px] font-black uppercase tracking-widest text-emerald-600..."
-                                         className="text-[10px] font-black uppercase tracking-widest text-violet-600 ..."
                                        >
+                                         Sesudah
                                        <ul className="space-y-1">
                                          <li className="text-[11px...">
                                            <span
+                                             className="text-emerald-500 shrink-0"
-                                             className="text-violet-500 shrink-0"
                                            >
+                                             ✓
                                            ...
                                          <li className="text-[11px...">
                                            <span
+                                             className="text-emerald-500 shrink-0"
-                                             className="text-violet-500 shrink-0"
                                            >
+                                             ✓
                                            ...
                                          <li className="text-[11px...">
                                            <span
+                                             className="text-emerald-500 shrink-0"
-                                             className="text-violet-500 shrink-0"
                                            >
+                                             ✓
                                            ...
                                          <li className="text-[11px...">
                                            <span
+                                             className="text-emerald-500 shrink-0"
-                                             className="text-violet-500 shrink-0"
                                            >
+                                             ✓
                                            ...
                                          <li className="text-[11px...">
                                            <span
+                                             className="text-emerald-500 shrink-0"
-                                             className="text-violet-500 shrink-0"
                                            >
+                                             ✓
                                            ...
                                          <li className="text-[11px...">
                                            <span
+                                             className="text-emerald-500 shrink-0"
-                                             className="text-violet-500 shrink-0"
                                            >
+                                             ✓
                                            ...
                                  ...
                              ...
                    ...
              ...
            ...
 @ http://localhost:3000/_next/static/chunks/node_modules_next_dist_f3530cac._.js:3127
[    1060ms] [LOG] [Fast Refresh] done in 325ms @ http://localhost:3000/_next/static/chunks/node_modules_next_dist_f3530cac._.js:2297
[    4032ms] [WARNING] The resource http://localhost:3000/_next/static/media/797e433ab948586e-s.p.dbea232f.woff2 was preloaded using link preload but not used within a few seconds from the window's load event. Please make sure it has an appropriate `as` value and it is preloaded intentionally. @ http://localhost:3000/:0
[    4032ms] [WARNING] The resource http://localhost:3000/_next/static/media/caa3a2e1cccd8315-s.p.853070df.woff2 was preloaded using link preload but not used within a few seconds from the window's load event. Please make sure it has an appropriate `as` value and it is preloaded intentionally. @ http://localhost:3000/:0
[   63547ms] [LOG] [Fast Refresh] rebuilding @ http://localhost:3000/_next/static/chunks/node_modules_next_dist_f3530cac._.js:2297
[   64731ms] [LOG] [Fast Refresh] done in 1194ms @ http://localhost:3000/_next/static/chunks/node_modules_next_dist_f3530cac._.js:2297
[   87235ms] [LOG] [Fast Refresh] rebuilding @ http://localhost:3000/_next/static/chunks/node_modules_next_dist_f3530cac._.js:2297
[   87571ms] [LOG] [Fast Refresh] done in 366ms @ http://localhost:3000/_next/static/chunks/node_modules_next_dist_f3530cac._.js:2297
